<?xml version="1.0" encoding="UTF-8"?>
<testsuite xmlns:xsi="http://www.w3.org/2001/XMLSchema-instance" xsi:noNamespaceSchemaLocation="https://maven.apache.org/surefire/maven-surefire-plugin/xsd/surefire-test-report.xsd" name="com.dziennik.rest.MainControllerTest" time="2.995" tests="7" errors="7" skipped="0" failures="0">
  <properties>
[...]
</properties>
  <testcase name="addUserMissingData" classname="com.dziennik.rest.MainControllerTest" time="0.827">
    <error message="Request processing failed; nested exception is org.thymeleaf.exceptions.TemplateInputException: Error resolving template &quot;student/all&quot;, template might not exist or might not be accessible by any of the configured Template Resolvers" type="org.springframework.web.util.NestedServletException">org.springframework.web.util.NestedServletException: Request processing failed; nested exception is org.thymeleaf.exceptions.TemplateInputException: Error resolving template "student/all", template might not exist or might not be accessible by any of the configured Template Resolvers
	at com.dziennik.rest.MainControllerTest.tearDown(MainControllerTest.java:44)
Caused by: org.thymeleaf.exceptions.TemplateInputException: Error resolving template "student/all", template might not exist or might not be accessible by any of the configured Template Resolvers
	at com.dziennik.rest.MainControllerTest.tearDown(MainControllerTest.java:44)
</error>
    <system-out><![CDATA[2018-05-28 23:31:04.548  INFO 7116 --- [           main] .b.t.c.SpringBootTestContextBootstrapper : Neither @ContextConfiguration nor @ContextHierarchy found for test class [com.dziennik.rest.MainControllerTest], using SpringBootContextLoader
2018-05-28 23:31:04.548  INFO 7116 --- [           main] o.s.t.c.support.AbstractContextLoader    : Could not detect default resource locations for test class [com.dziennik.rest.MainControllerTest]: no resource found for suffixes {-context.xml, Context.groovy}.
2018-05-28 23:31:04.548  INFO 7116 --- [           main] t.c.s.AnnotationConfigContextLoaderUtils : Could not detect default configuration classes for test class [com.dziennik.rest.MainControllerTest]: MainControllerTest does not declare any static, non-private, non-final, nested classes annotated with @Configuration.
2018-05-28 23:31:04.579  INFO 7116 --- [           main] .b.t.c.SpringBootTestContextBootstrapper : Found @SpringBootConfiguration com.dziennik.HibernateApplication for test class com.dziennik.rest.MainControllerTest
2018-05-28 23:31:04.579  INFO 7116 --- [           main] .b.t.c.SpringBootTestContextBootstrapper : Loaded default TestExecutionListener class names from location [META-INF/spring.factories]: [org.springframework.boot.test.mock.mockito.MockitoTestExecutionListener, org.springframework.boot.test.mock.mockito.ResetMocksTestExecutionListener, org.springframework.boot.test.autoconfigure.restdocs.RestDocsTestExecutionListener, org.springframework.boot.test.autoconfigure.web.client.MockRestServiceServerResetTestExecutionListener, org.springframework.boot.test.autoconfigure.web.servlet.MockMvcPrintOnlyOnFailureTestExecutionListener, org.springframework.boot.test.autoconfigure.web.servlet.WebDriverTestExecutionListener, org.springframework.test.context.web.ServletTestExecutionListener, org.springframework.test.context.support.DirtiesContextBeforeModesTestExecutionListener, org.springframework.test.context.support.DependencyInjectionTestExecutionListener, org.springframework.test.context.support.DirtiesContextTestExecutionListener, org.springframework.test.context.transaction.TransactionalTestExecutionListener, org.springframework.test.context.jdbc.SqlScriptsTestExecutionListener]
2018-05-28 23:31:04.579  INFO 7116 --- [           main] .b.t.c.SpringBootTestContextBootstrapper : Using TestExecutionListeners: [org.springframework.test.context.web.ServletTestExecutionListener@52ecc989, org.springframework.test.context.support.DirtiesContextBeforeModesTestExecutionListener@756808cc, org.springframework.boot.test.mock.mockito.MockitoTestExecutionListener@52f8a6f4, org.springframework.boot.test.autoconfigure.SpringBootDependencyInjectionTestExecutionListener@5012c571, org.springframework.test.context.support.DirtiesContextTestExecutionListener@6486fe7b, org.springframework.test.context.transaction.TransactionalTestExecutionListener@511da44f, org.springframework.test.context.jdbc.SqlScriptsTestExecutionListener@4645679e, org.springframework.boot.test.mock.mockito.ResetMocksTestExecutionListener@3a0b6a, org.springframework.boot.test.autoconfigure.restdocs.RestDocsTestExecutionListener@539c4830, org.springframework.boot.test.autoconfigure.web.client.MockRestServiceServerResetTestExecutionListener@6f1fa1d0, org.springframework.boot.test.autoconfigure.web.servlet.MockMvcPrintOnlyOnFailureTestExecutionListener@28b523a, org.springframework.boot.test.autoconfigure.web.servlet.WebDriverTestExecutionListener@52ba685a]

  .   ____          _            __ _ _
 /\\ / ___'_ __ _ _(_)_ __  __ _ \ \ \ \
( ( )\___ | '_ | '_| | '_ \/ _` | \ \ \ \
 \\/  ___)| |_)| | | | | || (_| |  ) ) ) )
  '  |____| .__|_| |_|_| |_\__, | / / / /
 =========|_|==============|___/=/_/_/_/
 :: Spring Boot ::        (v2.0.1.RELEASE)

2018-05-28 23:31:04.688  INFO 7116 --- [           main] com.dziennik.rest.MainControllerTest     : Starting MainControllerTest on StacjonarnyPC with PID 7116 (started by Witajcie in C:\Users\Witajcie\Documents\NetBeansProjects\dziennik)
2018-05-28 23:31:04.688  INFO 7116 --- [           main] com.dziennik.rest.MainControllerTest     : No active profile set, falling back to default profiles: default
2018-05-28 23:31:04.688  INFO 7116 --- [           main] o.s.w.c.s.GenericWebApplicationContext   : Refreshing org.springframework.web.context.support.GenericWebApplicationContext@7a64cb0c: startup date [Mon May 28 23:31:04 CEST 2018]; root of context hierarchy
2018-05-28 23:31:05.094  INFO 7116 --- [           main] trationDelegate$BeanPostProcessorChecker : Bean 'org.springframework.transaction.annotation.ProxyTransactionManagementConfiguration' of type [org.springframework.transaction.annotation.ProxyTransactionManagementConfiguration$$EnhancerBySpringCGLIB$$21ffa0d5] is not eligible for getting processed by all BeanPostProcessors (for example: not eligible for auto-proxying)
2018-05-28 23:31:05.172  INFO 7116 --- [           main] com.zaxxer.hikari.HikariDataSource       : HikariPool-2 - Starting...
2018-05-28 23:31:05.188  INFO 7116 --- [           main] com.zaxxer.hikari.HikariDataSource       : HikariPool-2 - Start completed.
2018-05-28 23:31:05.203  INFO 7116 --- [           main] j.LocalContainerEntityManagerFactoryBean : Building JPA container EntityManagerFactory for persistence unit 'default'
2018-05-28 23:31:05.203  INFO 7116 --- [           main] o.hibernate.jpa.internal.util.LogHelper  : HHH000204: Processing PersistenceUnitInfo [
	name: default
	...]
2018-05-28 23:31:05.219  INFO 7116 --- [           main] org.hibernate.dialect.Dialect            : HHH000400: Using dialect: org.hibernate.dialect.MySQL5Dialect
2018-05-28 23:31:05.297  INFO 7116 --- [           main] j.LocalContainerEntityManagerFactoryBean : Initialized JPA EntityManagerFactory for persistence unit 'default'
2018-05-28 23:31:05.344  WARN 7116 --- [           main] aWebConfiguration$JpaWebMvcConfiguration : spring.jpa.open-in-view is enabled by default. Therefore, database queries may be performed during view rendering. Explicitly configure spring.jpa.open-in-view to disable this warning
2018-05-28 23:31:05.375  INFO 7116 --- [           main] s.w.s.m.m.a.RequestMappingHandlerMapping : Mapped "{[/add],methods=[GET]}" onto public java.lang.String com.dziennik.rest.MainController.add(org.springframework.ui.Model)
2018-05-28 23:31:05.375  INFO 7116 --- [           main] s.w.s.m.m.a.RequestMappingHandlerMapping : Mapped "{[/class/add],methods=[POST]}" onto public java.lang.String com.dziennik.rest.MainController.addClass(java.lang.String)
2018-05-28 23:31:05.375  INFO 7116 --- [           main] s.w.s.m.m.a.RequestMappingHandlerMapping : Mapped "{[/student/{login}],methods=[GET]}" onto public com.dziennik.entity.Students com.dziennik.rest.MainController.getStudent(java.lang.String)
2018-05-28 23:31:05.375  INFO 7116 --- [           main] s.w.s.m.m.a.RequestMappingHandlerMapping : Mapped "{[/student/{login}],methods=[DELETE]}" onto public void com.dziennik.rest.MainController.removeStudent(java.lang.String)
2018-05-28 23:31:05.375  INFO 7116 --- [           main] s.w.s.m.m.a.RequestMappingHandlerMapping : Mapped "{[/show],methods=[GET]}" onto public java.lang.String com.dziennik.rest.MainController.showStudent(org.springframework.ui.Model)
2018-05-28 23:31:05.375  INFO 7116 --- [           main] s.w.s.m.m.a.RequestMappingHandlerMapping : Mapped "{[/student/add],methods=[POST]}" onto public java.lang.String com.dziennik.rest.MainController.addStudent(java.lang.String,java.lang.String,java.lang.String)
2018-05-28 23:31:05.375  INFO 7116 --- [           main] s.w.s.m.m.a.RequestMappingHandlerMapping : Mapped "{[/student/{login}/classes],methods=[GET]}" onto public java.util.List com.dziennik.rest.MainController.getStudentClasses(java.lang.String)
2018-05-28 23:31:05.375  INFO 7116 --- [           main] s.w.s.m.m.a.RequestMappingHandlerMapping : Mapped "{[/student/all],methods=[DELETE]}" onto public void com.dziennik.rest.MainController.removeAllStudents()
2018-05-28 23:31:05.375  INFO 7116 --- [           main] s.w.s.m.m.a.RequestMappingHandlerMapping : Mapped "{[/class/{class}/add/{student}],methods=[POST]}" onto public void com.dziennik.rest.MainController.addStudentToClasses(java.lang.String,java.lang.String)
2018-05-28 23:31:05.375  INFO 7116 --- [           main] s.w.s.m.m.a.RequestMappingHandlerMapping : Mapped "{[/class/{class}/remove/{student}],methods=[POST]}" onto public void com.dziennik.rest.MainController.removeStudentFromClass(java.lang.String,java.lang.String)
2018-05-28 23:31:05.375  INFO 7116 --- [           main] s.w.s.m.m.a.RequestMappingHandlerMapping : Mapped "{[/class/{name}],methods=[DELETE]}" onto public void com.dziennik.rest.MainController.removeClass(java.lang.String)
2018-05-28 23:31:05.375  INFO 7116 --- [           main] s.w.s.m.m.a.RequestMappingHandlerMapping : Mapped "{[/class/all],methods=[DELETE]}" onto public void com.dziennik.rest.MainController.removeAllClasses()
2018-05-28 23:31:05.375  INFO 7116 --- [           main] s.w.s.m.m.a.RequestMappingHandlerMapping : Mapped "{[/error]}" onto public org.springframework.http.ResponseEntity<java.util.Map<java.lang.String, java.lang.Object>> org.springframework.boot.autoconfigure.web.servlet.error.BasicErrorController.error(javax.servlet.http.HttpServletRequest)
2018-05-28 23:31:05.375  INFO 7116 --- [           main] s.w.s.m.m.a.RequestMappingHandlerMapping : Mapped "{[/error],produces=[text/html]}" onto public org.springframework.web.servlet.ModelAndView org.springframework.boot.autoconfigure.web.servlet.error.BasicErrorController.errorHtml(javax.servlet.http.HttpServletRequest,javax.servlet.http.HttpServletResponse)
2018-05-28 23:31:05.484  INFO 7116 --- [           main] s.w.s.m.m.a.RequestMappingHandlerAdapter : Looking for @ControllerAdvice: org.springframework.web.context.support.GenericWebApplicationContext@7a64cb0c: startup date [Mon May 28 23:31:04 CEST 2018]; root of context hierarchy
2018-05-28 23:31:05.983  INFO 7116 --- [           main] o.s.b.t.m.w.SpringBootMockServletContext : Initializing Spring FrameworkServlet ''
2018-05-28 23:31:05.999  INFO 7116 --- [           main] o.s.t.web.servlet.TestDispatcherServlet  : FrameworkServlet '': initialization started
2018-05-28 23:31:06.014  INFO 7116 --- [           main] o.s.t.web.servlet.TestDispatcherServlet  : FrameworkServlet '': initialization completed in 15 ms
2018-05-28 23:31:06.030  INFO 7116 --- [           main] com.dziennik.rest.MainControllerTest     : Started MainControllerTest in 1.435 seconds (JVM running for 8.431)
2018-05-28 23:31:06.280  INFO 7116 --- [           main] o.h.h.i.QueryTranslatorFactoryInitiator  : HHH000397: Using ASTQueryTranslatorFactory
Hibernate: select students0_.student_id as student_1_1_, students0_.email as email2_1_, students0_.login as login3_1_, students0_.passwd as passwd4_1_ from students students0_
Hibernate: select studentcla0_.student_id as student_1_2_0_, studentcla0_.classes_id as classes_2_2_0_, classes1_.classes_id as classes_1_0_1_, classes1_.name as name2_0_1_ from students_classes studentcla0_ inner join classes classes1_ on studentcla0_.classes_id=classes1_.classes_id where studentcla0_.student_id=?
Hibernate: delete from students where student_id=?
Hibernate: select studentcla0_.student_id as student_1_2_0_, studentcla0_.classes_id as classes_2_2_0_, classes1_.classes_id as classes_1_0_1_, classes1_.name as name2_0_1_ from students_classes studentcla0_ inner join classes classes1_ on studentcla0_.classes_id=classes1_.classes_id where studentcla0_.student_id=?
Hibernate: delete from students where student_id=?
Hibernate: select studentcla0_.student_id as student_1_2_0_, studentcla0_.classes_id as classes_2_2_0_, classes1_.classes_id as classes_1_0_1_, classes1_.name as name2_0_1_ from students_classes studentcla0_ inner join classes classes1_ on studentcla0_.classes_id=classes1_.classes_id where studentcla0_.student_id=?
Hibernate: delete from students where student_id=?
2018-05-28 23:31:06.888 ERROR 7116 --- [           main] org.thymeleaf.TemplateEngine             : [THYMELEAF][main] Exception processing template "student/all": Error resolving template "student/all", template might not exist or might not be accessible by any of the configured Template Resolvers

org.thymeleaf.exceptions.TemplateInputException: Error resolving template "student/all", template might not exist or might not be accessible by any of the configured Template Resolvers
	at org.thymeleaf.engine.TemplateManager.resolveTemplate(TemplateManager.java:870) ~[thymeleaf-3.0.9.RELEASE.jar:3.0.9.RELEASE]
	at org.thymeleaf.engine.TemplateManager.parseAndProcess(TemplateManager.java:607) ~[thymeleaf-3.0.9.RELEASE.jar:3.0.9.RELEASE]
	at org.thymeleaf.TemplateEngine.process(TemplateEngine.java:1098) [thymeleaf-3.0.9.RELEASE.jar:3.0.9.RELEASE]
	at org.thymeleaf.TemplateEngine.process(TemplateEngine.java:1072) [thymeleaf-3.0.9.RELEASE.jar:3.0.9.RELEASE]
	at org.thymeleaf.spring5.view.ThymeleafView.renderFragment(ThymeleafView.java:354) [thymeleaf-spring5-3.0.9.RELEASE.jar:3.0.9.RELEASE]
	at org.thymeleaf.spring5.view.ThymeleafView.render(ThymeleafView.java:187) [thymeleaf-spring5-3.0.9.RELEASE.jar:3.0.9.RELEASE]
	at org.springframework.web.servlet.DispatcherServlet.render(DispatcherServlet.java:1325) [spring-webmvc-5.0.5.RELEASE.jar:5.0.5.RELEASE]
	at org.springframework.test.web.servlet.TestDispatcherServlet.render(TestDispatcherServlet.java:118) [spring-test-5.0.5.RELEASE.jar:5.0.5.RELEASE]
	at org.springframework.web.servlet.DispatcherServlet.processDispatchResult(DispatcherServlet.java:1069) [spring-webmvc-5.0.5.RELEASE.jar:5.0.5.RELEASE]
	at org.springframework.web.servlet.DispatcherServlet.doDispatch(DispatcherServlet.java:1008) [spring-webmvc-5.0.5.RELEASE.jar:5.0.5.RELEASE]
	at org.springframework.web.servlet.DispatcherServlet.doService(DispatcherServlet.java:925) [spring-webmvc-5.0.5.RELEASE.jar:5.0.5.RELEASE]
	at org.springframework.web.servlet.FrameworkServlet.processRequest(FrameworkServlet.java:974) [spring-webmvc-5.0.5.RELEASE.jar:5.0.5.RELEASE]
	at org.springframework.web.servlet.FrameworkServlet.doDelete(FrameworkServlet.java:899) [spring-webmvc-5.0.5.RELEASE.jar:5.0.5.RELEASE]
	at javax.servlet.http.HttpServlet.service(HttpServlet.java:667) [tomcat-embed-core-8.5.29.jar:8.5.29]
	at org.springframework.web.servlet.FrameworkServlet.service(FrameworkServlet.java:851) [spring-webmvc-5.0.5.RELEASE.jar:5.0.5.RELEASE]
	at org.springframework.test.web.servlet.TestDispatcherServlet.service(TestDispatcherServlet.java:68) [spring-test-5.0.5.RELEASE.jar:5.0.5.RELEASE]
	at javax.servlet.http.HttpServlet.service(HttpServlet.java:742) [tomcat-embed-core-8.5.29.jar:8.5.29]
	at org.springframework.mock.web.MockFilterChain$ServletFilterProxy.doFilter(MockFilterChain.java:166) [spring-test-5.0.5.RELEASE.jar:5.0.5.RELEASE]
	at org.springframework.mock.web.MockFilterChain.doFilter(MockFilterChain.java:133) [spring-test-5.0.5.RELEASE.jar:5.0.5.RELEASE]
	at org.springframework.web.filter.CharacterEncodingFilter.doFilterInternal(CharacterEncodingFilter.java:200) [spring-web-5.0.5.RELEASE.jar:5.0.5.RELEASE]
	at org.springframework.web.filter.OncePerRequestFilter.doFilter(OncePerRequestFilter.java:107) [spring-web-5.0.5.RELEASE.jar:5.0.5.RELEASE]
	at org.springframework.mock.web.MockFilterChain.doFilter(MockFilterChain.java:133) [spring-test-5.0.5.RELEASE.jar:5.0.5.RELEASE]
	at org.springframework.test.web.servlet.MockMvc.perform(MockMvc.java:165) [spring-test-5.0.5.RELEASE.jar:5.0.5.RELEASE]
	at com.dziennik.rest.MainControllerTest.tearDown(MainControllerTest.java:44) [test-classes/:na]
	at sun.reflect.NativeMethodAccessorImpl.invoke0(Native Method) ~[na:1.8.0_60]
	at sun.reflect.NativeMethodAccessorImpl.invoke(NativeMethodAccessorImpl.java:62) ~[na:1.8.0_60]
	at sun.reflect.DelegatingMethodAccessorImpl.invoke(DelegatingMethodAccessorImpl.java:43) ~[na:1.8.0_60]
	at java.lang.reflect.Method.invoke(Method.java:497) ~[na:1.8.0_60]
	at org.junit.runners.model.FrameworkMethod$1.runReflectiveCall(FrameworkMethod.java:50) [junit-4.12.jar:4.12]
	at org.junit.internal.runners.model.ReflectiveCallable.run(ReflectiveCallable.java:12) [junit-4.12.jar:4.12]
	at org.junit.runners.model.FrameworkMethod.invokeExplosively(FrameworkMethod.java:47) [junit-4.12.jar:4.12]
	at org.junit.internal.runners.statements.RunAfters.evaluate(RunAfters.java:33) [junit-4.12.jar:4.12]
	at org.springframework.test.context.junit4.statements.RunAfterTestMethodCallbacks.evaluate(RunAfterTestMethodCallbacks.java:86) [spring-test-5.0.5.RELEASE.jar:5.0.5.RELEASE]
	at org.springframework.test.context.junit4.statements.SpringRepeat.evaluate(SpringRepeat.java:84) [spring-test-5.0.5.RELEASE.jar:5.0.5.RELEASE]
	at org.junit.runners.ParentRunner.runLeaf(ParentRunner.java:325) [junit-4.12.jar:4.12]
	at org.springframework.test.context.junit4.SpringJUnit4ClassRunner.runChild(SpringJUnit4ClassRunner.java:251) [spring-test-5.0.5.RELEASE.jar:5.0.5.RELEASE]
	at org.springframework.test.context.junit4.SpringJUnit4ClassRunner.runChild(SpringJUnit4ClassRunner.java:97) [spring-test-5.0.5.RELEASE.jar:5.0.5.RELEASE]
	at org.junit.runners.ParentRunner$3.run(ParentRunner.java:290) [junit-4.12.jar:4.12]
	at org.junit.runners.ParentRunner$1.schedule(ParentRunner.java:71) [junit-4.12.jar:4.12]
	at org.junit.runners.ParentRunner.runChildren(ParentRunner.java:288) [junit-4.12.jar:4.12]
	at org.junit.runners.ParentRunner.access$000(ParentRunner.java:58) [junit-4.12.jar:4.12]
	at org.junit.runners.ParentRunner$2.evaluate(ParentRunner.java:268) [junit-4.12.jar:4.12]
	at org.springframework.test.context.junit4.statements.RunBeforeTestClassCallbacks.evaluate(RunBeforeTestClassCallbacks.java:61) [spring-test-5.0.5.RELEASE.jar:5.0.5.RELEASE]
	at org.springframework.test.context.junit4.statements.RunAfterTestClassCallbacks.evaluate(RunAfterTestClassCallbacks.java:70) [spring-test-5.0.5.RELEASE.jar:5.0.5.RELEASE]
	at org.junit.runners.ParentRunner.run(ParentRunner.java:363) [junit-4.12.jar:4.12]
	at org.springframework.test.context.junit4.SpringJUnit4ClassRunner.run(SpringJUnit4ClassRunner.java:190) [spring-test-5.0.5.RELEASE.jar:5.0.5.RELEASE]
	at org.apache.maven.surefire.junit4.JUnit4Provider.execute(JUnit4Provider.java:365) [surefire-junit4-2.21.0.jar:2.21.0]
	at org.apache.maven.surefire.junit4.JUnit4Provider.executeWithRerun(JUnit4Provider.java:273) [surefire-junit4-2.21.0.jar:2.21.0]
	at org.apache.maven.surefire.junit4.JUnit4Provider.executeTestSet(JUnit4Provider.java:238) [surefire-junit4-2.21.0.jar:2.21.0]
	at org.apache.maven.surefire.junit4.JUnit4Provider.invoke(JUnit4Provider.java:159) [surefire-junit4-2.21.0.jar:2.21.0]
	at org.apache.maven.surefire.booter.ForkedBooter.invokeProviderInSameClassLoader(ForkedBooter.java:379) [surefire-booter-2.21.0.jar:2.21.0]
	at org.apache.maven.surefire.booter.ForkedBooter.runSuitesInProcess(ForkedBooter.java:340) [surefire-booter-2.21.0.jar:2.21.0]
	at org.apache.maven.surefire.booter.ForkedBooter.execute(ForkedBooter.java:125) [surefire-booter-2.21.0.jar:2.21.0]
	at org.apache.maven.surefire.booter.ForkedBooter.main(ForkedBooter.java:413) [surefire-booter-2.21.0.jar:2.21.0]


MockHttpServletRequest:
      HTTP Method = POST
      Request URI = /student/add
       Parameters = {login=[adle], passwd=[test]}
          Headers = {Accept=[application/json]}
             Body = null
    Session Attrs = {}

Handler:
             Type = com.dziennik.rest.MainController
           Method = public java.lang.String com.dziennik.rest.MainController.addStudent(java.lang.String,java.lang.String,java.lang.String)

Async:
    Async started = false
     Async result = null

Resolved Exception:
             Type = org.springframework.web.bind.MissingServletRequestParameterException

ModelAndView:
        View name = null
             View = null
            Model = null

FlashMap:
       Attributes = null

MockHttpServletResponse:
           Status = 400
    Error message = Required String parameter 'email' is not present
          Headers = {}
     Content type = null
             Body = 
    Forwarded URL = null
   Redirected URL = null
          Cookies = []
]]></system-out>
  </testcase>
  <testcase name="addUserDuplicate" classname="com.dziennik.rest.MainControllerTest" time="0.218">
    <error message="Request processing failed; nested exception is org.thymeleaf.exceptions.TemplateInputException: Error resolving template &quot;student/all&quot;, template might not exist or might not be accessible by any of the configured Template Resolvers" type="org.springframework.web.util.NestedServletException">org.springframework.web.util.NestedServletException: Request processing failed; nested exception is org.thymeleaf.exceptions.TemplateInputException: Error resolving template "student/all", template might not exist or might not be accessible by any of the configured Template Resolvers
	at com.dziennik.rest.MainControllerTest.tearDown(MainControllerTest.java:44)
Caused by: org.thymeleaf.exceptions.TemplateInputException: Error resolving template "student/all", template might not exist or might not be accessible by any of the configured Template Resolvers
	at com.dziennik.rest.MainControllerTest.tearDown(MainControllerTest.java:44)
</error>
    <system-out><![CDATA[Hibernate: select next_val as id_val from hibernate_sequence for update
Hibernate: update hibernate_sequence set next_val= ? where next_val=?
Hibernate: insert into students (email, login, passwd, student_id) values (?, ?, ?, ?)
Hibernate: select students0_.student_id as student_1_1_, students0_.email as email2_1_, students0_.login as login3_1_, students0_.passwd as passwd4_1_ from students students0_
Hibernate: select studentcla0_.student_id as student_1_2_0_, studentcla0_.classes_id as classes_2_2_0_, classes1_.classes_id as classes_1_0_1_, classes1_.name as name2_0_1_ from students_classes studentcla0_ inner join classes classes1_ on studentcla0_.classes_id=classes1_.classes_id where studentcla0_.student_id=?
Hibernate: delete from students where student_id=?
2018-05-28 23:31:07.106 ERROR 7116 --- [           main] org.thymeleaf.TemplateEngine             : [THYMELEAF][main] Exception processing template "student/all": Error resolving template "student/all", template might not exist or might not be accessible by any of the configured Template Resolvers

org.thymeleaf.exceptions.TemplateInputException: Error resolving template "student/all", template might not exist or might not be accessible by any of the configured Template Resolvers
	at org.thymeleaf.engine.TemplateManager.resolveTemplate(TemplateManager.java:870) ~[thymeleaf-3.0.9.RELEASE.jar:3.0.9.RELEASE]
	at org.thymeleaf.engine.TemplateManager.parseAndProcess(TemplateManager.java:607) ~[thymeleaf-3.0.9.RELEASE.jar:3.0.9.RELEASE]
	at org.thymeleaf.TemplateEngine.process(TemplateEngine.java:1098) [thymeleaf-3.0.9.RELEASE.jar:3.0.9.RELEASE]
	at org.thymeleaf.TemplateEngine.process(TemplateEngine.java:1072) [thymeleaf-3.0.9.RELEASE.jar:3.0.9.RELEASE]
	at org.thymeleaf.spring5.view.ThymeleafView.renderFragment(ThymeleafView.java:354) [thymeleaf-spring5-3.0.9.RELEASE.jar:3.0.9.RELEASE]
	at org.thymeleaf.spring5.view.ThymeleafView.render(ThymeleafView.java:187) [thymeleaf-spring5-3.0.9.RELEASE.jar:3.0.9.RELEASE]
	at org.springframework.web.servlet.DispatcherServlet.render(DispatcherServlet.java:1325) [spring-webmvc-5.0.5.RELEASE.jar:5.0.5.RELEASE]
	at org.springframework.test.web.servlet.TestDispatcherServlet.render(TestDispatcherServlet.java:118) [spring-test-5.0.5.RELEASE.jar:5.0.5.RELEASE]
	at org.springframework.web.servlet.DispatcherServlet.processDispatchResult(DispatcherServlet.java:1069) [spring-webmvc-5.0.5.RELEASE.jar:5.0.5.RELEASE]
	at org.springframework.web.servlet.DispatcherServlet.doDispatch(DispatcherServlet.java:1008) [spring-webmvc-5.0.5.RELEASE.jar:5.0.5.RELEASE]
	at org.springframework.web.servlet.DispatcherServlet.doService(DispatcherServlet.java:925) [spring-webmvc-5.0.5.RELEASE.jar:5.0.5.RELEASE]
	at org.springframework.web.servlet.FrameworkServlet.processRequest(FrameworkServlet.java:974) [spring-webmvc-5.0.5.RELEASE.jar:5.0.5.RELEASE]
	at org.springframework.web.servlet.FrameworkServlet.doDelete(FrameworkServlet.java:899) [spring-webmvc-5.0.5.RELEASE.jar:5.0.5.RELEASE]
	at javax.servlet.http.HttpServlet.service(HttpServlet.java:667) [tomcat-embed-core-8.5.29.jar:8.5.29]
	at org.springframework.web.servlet.FrameworkServlet.service(FrameworkServlet.java:851) [spring-webmvc-5.0.5.RELEASE.jar:5.0.5.RELEASE]
	at org.springframework.test.web.servlet.TestDispatcherServlet.service(TestDispatcherServlet.java:68) [spring-test-5.0.5.RELEASE.jar:5.0.5.RELEASE]
	at javax.servlet.http.HttpServlet.service(HttpServlet.java:742) [tomcat-embed-core-8.5.29.jar:8.5.29]
	at org.springframework.mock.web.MockFilterChain$ServletFilterProxy.doFilter(MockFilterChain.java:166) [spring-test-5.0.5.RELEASE.jar:5.0.5.RELEASE]
	at org.springframework.mock.web.MockFilterChain.doFilter(MockFilterChain.java:133) [spring-test-5.0.5.RELEASE.jar:5.0.5.RELEASE]
	at org.springframework.web.filter.CharacterEncodingFilter.doFilterInternal(CharacterEncodingFilter.java:200) [spring-web-5.0.5.RELEASE.jar:5.0.5.RELEASE]
	at org.springframework.web.filter.OncePerRequestFilter.doFilter(OncePerRequestFilter.java:107) [spring-web-5.0.5.RELEASE.jar:5.0.5.RELEASE]
	at org.springframework.mock.web.MockFilterChain.doFilter(MockFilterChain.java:133) [spring-test-5.0.5.RELEASE.jar:5.0.5.RELEASE]
	at org.springframework.test.web.servlet.MockMvc.perform(MockMvc.java:165) [spring-test-5.0.5.RELEASE.jar:5.0.5.RELEASE]
	at com.dziennik.rest.MainControllerTest.tearDown(MainControllerTest.java:44) [test-classes/:na]
	at sun.reflect.NativeMethodAccessorImpl.invoke0(Native Method) ~[na:1.8.0_60]
	at sun.reflect.NativeMethodAccessorImpl.invoke(NativeMethodAccessorImpl.java:62) ~[na:1.8.0_60]
	at sun.reflect.DelegatingMethodAccessorImpl.invoke(DelegatingMethodAccessorImpl.java:43) ~[na:1.8.0_60]
	at java.lang.reflect.Method.invoke(Method.java:497) ~[na:1.8.0_60]
	at org.junit.runners.model.FrameworkMethod$1.runReflectiveCall(FrameworkMethod.java:50) [junit-4.12.jar:4.12]
	at org.junit.internal.runners.model.ReflectiveCallable.run(ReflectiveCallable.java:12) [junit-4.12.jar:4.12]
	at org.junit.runners.model.FrameworkMethod.invokeExplosively(FrameworkMethod.java:47) [junit-4.12.jar:4.12]
	at org.junit.internal.runners.statements.RunAfters.evaluate(RunAfters.java:33) [junit-4.12.jar:4.12]
	at org.springframework.test.context.junit4.statements.RunAfterTestMethodCallbacks.evaluate(RunAfterTestMethodCallbacks.java:86) [spring-test-5.0.5.RELEASE.jar:5.0.5.RELEASE]
	at org.springframework.test.context.junit4.statements.SpringRepeat.evaluate(SpringRepeat.java:84) [spring-test-5.0.5.RELEASE.jar:5.0.5.RELEASE]
	at org.junit.runners.ParentRunner.runLeaf(ParentRunner.java:325) [junit-4.12.jar:4.12]
	at org.springframework.test.context.junit4.SpringJUnit4ClassRunner.runChild(SpringJUnit4ClassRunner.java:251) [spring-test-5.0.5.RELEASE.jar:5.0.5.RELEASE]
	at org.springframework.test.context.junit4.SpringJUnit4ClassRunner.runChild(SpringJUnit4ClassRunner.java:97) [spring-test-5.0.5.RELEASE.jar:5.0.5.RELEASE]
	at org.junit.runners.ParentRunner$3.run(ParentRunner.java:290) [junit-4.12.jar:4.12]
	at org.junit.runners.ParentRunner$1.schedule(ParentRunner.java:71) [junit-4.12.jar:4.12]
	at org.junit.runners.ParentRunner.runChildren(ParentRunner.java:288) [junit-4.12.jar:4.12]
	at org.junit.runners.ParentRunner.access$000(ParentRunner.java:58) [junit-4.12.jar:4.12]
	at org.junit.runners.ParentRunner$2.evaluate(ParentRunner.java:268) [junit-4.12.jar:4.12]
	at org.springframework.test.context.junit4.statements.RunBeforeTestClassCallbacks.evaluate(RunBeforeTestClassCallbacks.java:61) [spring-test-5.0.5.RELEASE.jar:5.0.5.RELEASE]
	at org.springframework.test.context.junit4.statements.RunAfterTestClassCallbacks.evaluate(RunAfterTestClassCallbacks.java:70) [spring-test-5.0.5.RELEASE.jar:5.0.5.RELEASE]
	at org.junit.runners.ParentRunner.run(ParentRunner.java:363) [junit-4.12.jar:4.12]
	at org.springframework.test.context.junit4.SpringJUnit4ClassRunner.run(SpringJUnit4ClassRunner.java:190) [spring-test-5.0.5.RELEASE.jar:5.0.5.RELEASE]
	at org.apache.maven.surefire.junit4.JUnit4Provider.execute(JUnit4Provider.java:365) [surefire-junit4-2.21.0.jar:2.21.0]
	at org.apache.maven.surefire.junit4.JUnit4Provider.executeWithRerun(JUnit4Provider.java:273) [surefire-junit4-2.21.0.jar:2.21.0]
	at org.apache.maven.surefire.junit4.JUnit4Provider.executeTestSet(JUnit4Provider.java:238) [surefire-junit4-2.21.0.jar:2.21.0]
	at org.apache.maven.surefire.junit4.JUnit4Provider.invoke(JUnit4Provider.java:159) [surefire-junit4-2.21.0.jar:2.21.0]
	at org.apache.maven.surefire.booter.ForkedBooter.invokeProviderInSameClassLoader(ForkedBooter.java:379) [surefire-booter-2.21.0.jar:2.21.0]
	at org.apache.maven.surefire.booter.ForkedBooter.runSuitesInProcess(ForkedBooter.java:340) [surefire-booter-2.21.0.jar:2.21.0]
	at org.apache.maven.surefire.booter.ForkedBooter.execute(ForkedBooter.java:125) [surefire-booter-2.21.0.jar:2.21.0]
	at org.apache.maven.surefire.booter.ForkedBooter.main(ForkedBooter.java:413) [surefire-booter-2.21.0.jar:2.21.0]


MockHttpServletRequest:
      HTTP Method = POST
      Request URI = /student/add
       Parameters = {login=[adle], passwd=[test]}
          Headers = {Accept=[application/json]}
             Body = null
    Session Attrs = {}

Handler:
             Type = com.dziennik.rest.MainController
           Method = public java.lang.String com.dziennik.rest.MainController.addStudent(java.lang.String,java.lang.String,java.lang.String)

Async:
    Async started = false
     Async result = null

Resolved Exception:
             Type = org.springframework.web.bind.MissingServletRequestParameterException

ModelAndView:
        View name = null
             View = null
            Model = null

FlashMap:
       Attributes = null

MockHttpServletResponse:
           Status = 400
    Error message = Required String parameter 'email' is not present
          Headers = {}
     Content type = null
             Body = 
    Forwarded URL = null
   Redirected URL = null
          Cookies = []

MockHttpServletRequest:
      HTTP Method = POST
      Request URI = /student/add
       Parameters = {login=[adle], email=[abc@abc.com], passwd=[test]}
          Headers = {Accept=[application/json]}
             Body = null
    Session Attrs = {}

Handler:
             Type = com.dziennik.rest.MainController
           Method = public java.lang.String com.dziennik.rest.MainController.addStudent(java.lang.String,java.lang.String,java.lang.String)

Async:
    Async started = false
     Async result = null

Resolved Exception:
             Type = null

ModelAndView:
        View name = s_added
             View = null
            Model = null

FlashMap:
       Attributes = null

MockHttpServletResponse:
           Status = 200
    Error message = null
          Headers = {Content-Language=[en], Content-Type=[text/html;charset=UTF-8]}
     Content type = text/html;charset=UTF-8
             Body = <!DOCTYPE html SYSTEM "http://www.thymeleaf.org/dtd/xhtml1-strict-thymeleaf-spring4-4.dtd">

<html xmlns="http://www.w3.org/1999/xhtml">
<head>
    <title>Add Form</title>
</head>
<body>
     Dziękujemy za dodanie studenta
</body>
</html>

    Forwarded URL = null
   Redirected URL = null
          Cookies = []
]]></system-out>
  </testcase>
  <testcase name="addUser" classname="com.dziennik.rest.MainControllerTest" time="0.203">
    <error message="Request processing failed; nested exception is org.thymeleaf.exceptions.TemplateInputException: Error resolving template &quot;student/all&quot;, template might not exist or might not be accessible by any of the configured Template Resolvers" type="org.springframework.web.util.NestedServletException">org.springframework.web.util.NestedServletException: Request processing failed; nested exception is org.thymeleaf.exceptions.TemplateInputException: Error resolving template "student/all", template might not exist or might not be accessible by any of the configured Template Resolvers
	at com.dziennik.rest.MainControllerTest.tearDown(MainControllerTest.java:44)
Caused by: org.thymeleaf.exceptions.TemplateInputException: Error resolving template "student/all", template might not exist or might not be accessible by any of the configured Template Resolvers
	at com.dziennik.rest.MainControllerTest.tearDown(MainControllerTest.java:44)
</error>
    <system-out><![CDATA[Hibernate: select next_val as id_val from hibernate_sequence for update
Hibernate: update hibernate_sequence set next_val= ? where next_val=?
Hibernate: insert into students (email, login, passwd, student_id) values (?, ?, ?, ?)
Hibernate: select students0_.student_id as student_1_1_, students0_.email as email2_1_, students0_.login as login3_1_, students0_.passwd as passwd4_1_ from students students0_
Hibernate: select studentcla0_.student_id as student_1_2_0_, studentcla0_.classes_id as classes_2_2_0_, classes1_.classes_id as classes_1_0_1_, classes1_.name as name2_0_1_ from students_classes studentcla0_ inner join classes classes1_ on studentcla0_.classes_id=classes1_.classes_id where studentcla0_.student_id=?
Hibernate: delete from students where student_id=?
2018-05-28 23:31:07.325 ERROR 7116 --- [           main] org.thymeleaf.TemplateEngine             : [THYMELEAF][main] Exception processing template "student/all": Error resolving template "student/all", template might not exist or might not be accessible by any of the configured Template Resolvers

org.thymeleaf.exceptions.TemplateInputException: Error resolving template "student/all", template might not exist or might not be accessible by any of the configured Template Resolvers
	at org.thymeleaf.engine.TemplateManager.resolveTemplate(TemplateManager.java:870) ~[thymeleaf-3.0.9.RELEASE.jar:3.0.9.RELEASE]
	at org.thymeleaf.engine.TemplateManager.parseAndProcess(TemplateManager.java:607) ~[thymeleaf-3.0.9.RELEASE.jar:3.0.9.RELEASE]
	at org.thymeleaf.TemplateEngine.process(TemplateEngine.java:1098) [thymeleaf-3.0.9.RELEASE.jar:3.0.9.RELEASE]
	at org.thymeleaf.TemplateEngine.process(TemplateEngine.java:1072) [thymeleaf-3.0.9.RELEASE.jar:3.0.9.RELEASE]
	at org.thymeleaf.spring5.view.ThymeleafView.renderFragment(ThymeleafView.java:354) [thymeleaf-spring5-3.0.9.RELEASE.jar:3.0.9.RELEASE]
	at org.thymeleaf.spring5.view.ThymeleafView.render(ThymeleafView.java:187) [thymeleaf-spring5-3.0.9.RELEASE.jar:3.0.9.RELEASE]
	at org.springframework.web.servlet.DispatcherServlet.render(DispatcherServlet.java:1325) [spring-webmvc-5.0.5.RELEASE.jar:5.0.5.RELEASE]
	at org.springframework.test.web.servlet.TestDispatcherServlet.render(TestDispatcherServlet.java:118) [spring-test-5.0.5.RELEASE.jar:5.0.5.RELEASE]
	at org.springframework.web.servlet.DispatcherServlet.processDispatchResult(DispatcherServlet.java:1069) [spring-webmvc-5.0.5.RELEASE.jar:5.0.5.RELEASE]
	at org.springframework.web.servlet.DispatcherServlet.doDispatch(DispatcherServlet.java:1008) [spring-webmvc-5.0.5.RELEASE.jar:5.0.5.RELEASE]
	at org.springframework.web.servlet.DispatcherServlet.doService(DispatcherServlet.java:925) [spring-webmvc-5.0.5.RELEASE.jar:5.0.5.RELEASE]
	at org.springframework.web.servlet.FrameworkServlet.processRequest(FrameworkServlet.java:974) [spring-webmvc-5.0.5.RELEASE.jar:5.0.5.RELEASE]
	at org.springframework.web.servlet.FrameworkServlet.doDelete(FrameworkServlet.java:899) [spring-webmvc-5.0.5.RELEASE.jar:5.0.5.RELEASE]
	at javax.servlet.http.HttpServlet.service(HttpServlet.java:667) [tomcat-embed-core-8.5.29.jar:8.5.29]
	at org.springframework.web.servlet.FrameworkServlet.service(FrameworkServlet.java:851) [spring-webmvc-5.0.5.RELEASE.jar:5.0.5.RELEASE]
	at org.springframework.test.web.servlet.TestDispatcherServlet.service(TestDispatcherServlet.java:68) [spring-test-5.0.5.RELEASE.jar:5.0.5.RELEASE]
	at javax.servlet.http.HttpServlet.service(HttpServlet.java:742) [tomcat-embed-core-8.5.29.jar:8.5.29]
	at org.springframework.mock.web.MockFilterChain$ServletFilterProxy.doFilter(MockFilterChain.java:166) [spring-test-5.0.5.RELEASE.jar:5.0.5.RELEASE]
	at org.springframework.mock.web.MockFilterChain.doFilter(MockFilterChain.java:133) [spring-test-5.0.5.RELEASE.jar:5.0.5.RELEASE]
	at org.springframework.web.filter.CharacterEncodingFilter.doFilterInternal(CharacterEncodingFilter.java:200) [spring-web-5.0.5.RELEASE.jar:5.0.5.RELEASE]
	at org.springframework.web.filter.OncePerRequestFilter.doFilter(OncePerRequestFilter.java:107) [spring-web-5.0.5.RELEASE.jar:5.0.5.RELEASE]
	at org.springframework.mock.web.MockFilterChain.doFilter(MockFilterChain.java:133) [spring-test-5.0.5.RELEASE.jar:5.0.5.RELEASE]
	at org.springframework.test.web.servlet.MockMvc.perform(MockMvc.java:165) [spring-test-5.0.5.RELEASE.jar:5.0.5.RELEASE]
	at com.dziennik.rest.MainControllerTest.tearDown(MainControllerTest.java:44) [test-classes/:na]
	at sun.reflect.NativeMethodAccessorImpl.invoke0(Native Method) ~[na:1.8.0_60]
	at sun.reflect.NativeMethodAccessorImpl.invoke(NativeMethodAccessorImpl.java:62) ~[na:1.8.0_60]
	at sun.reflect.DelegatingMethodAccessorImpl.invoke(DelegatingMethodAccessorImpl.java:43) ~[na:1.8.0_60]
	at java.lang.reflect.Method.invoke(Method.java:497) ~[na:1.8.0_60]
	at org.junit.runners.model.FrameworkMethod$1.runReflectiveCall(FrameworkMethod.java:50) [junit-4.12.jar:4.12]
	at org.junit.internal.runners.model.ReflectiveCallable.run(ReflectiveCallable.java:12) [junit-4.12.jar:4.12]
	at org.junit.runners.model.FrameworkMethod.invokeExplosively(FrameworkMethod.java:47) [junit-4.12.jar:4.12]
	at org.junit.internal.runners.statements.RunAfters.evaluate(RunAfters.java:33) [junit-4.12.jar:4.12]
	at org.springframework.test.context.junit4.statements.RunAfterTestMethodCallbacks.evaluate(RunAfterTestMethodCallbacks.java:86) [spring-test-5.0.5.RELEASE.jar:5.0.5.RELEASE]
	at org.springframework.test.context.junit4.statements.SpringRepeat.evaluate(SpringRepeat.java:84) [spring-test-5.0.5.RELEASE.jar:5.0.5.RELEASE]
	at org.junit.runners.ParentRunner.runLeaf(ParentRunner.java:325) [junit-4.12.jar:4.12]
	at org.springframework.test.context.junit4.SpringJUnit4ClassRunner.runChild(SpringJUnit4ClassRunner.java:251) [spring-test-5.0.5.RELEASE.jar:5.0.5.RELEASE]
	at org.springframework.test.context.junit4.SpringJUnit4ClassRunner.runChild(SpringJUnit4ClassRunner.java:97) [spring-test-5.0.5.RELEASE.jar:5.0.5.RELEASE]
	at org.junit.runners.ParentRunner$3.run(ParentRunner.java:290) [junit-4.12.jar:4.12]
	at org.junit.runners.ParentRunner$1.schedule(ParentRunner.java:71) [junit-4.12.jar:4.12]
	at org.junit.runners.ParentRunner.runChildren(ParentRunner.java:288) [junit-4.12.jar:4.12]
	at org.junit.runners.ParentRunner.access$000(ParentRunner.java:58) [junit-4.12.jar:4.12]
	at org.junit.runners.ParentRunner$2.evaluate(ParentRunner.java:268) [junit-4.12.jar:4.12]
	at org.springframework.test.context.junit4.statements.RunBeforeTestClassCallbacks.evaluate(RunBeforeTestClassCallbacks.java:61) [spring-test-5.0.5.RELEASE.jar:5.0.5.RELEASE]
	at org.springframework.test.context.junit4.statements.RunAfterTestClassCallbacks.evaluate(RunAfterTestClassCallbacks.java:70) [spring-test-5.0.5.RELEASE.jar:5.0.5.RELEASE]
	at org.junit.runners.ParentRunner.run(ParentRunner.java:363) [junit-4.12.jar:4.12]
	at org.springframework.test.context.junit4.SpringJUnit4ClassRunner.run(SpringJUnit4ClassRunner.java:190) [spring-test-5.0.5.RELEASE.jar:5.0.5.RELEASE]
	at org.apache.maven.surefire.junit4.JUnit4Provider.execute(JUnit4Provider.java:365) [surefire-junit4-2.21.0.jar:2.21.0]
	at org.apache.maven.surefire.junit4.JUnit4Provider.executeWithRerun(JUnit4Provider.java:273) [surefire-junit4-2.21.0.jar:2.21.0]
	at org.apache.maven.surefire.junit4.JUnit4Provider.executeTestSet(JUnit4Provider.java:238) [surefire-junit4-2.21.0.jar:2.21.0]
	at org.apache.maven.surefire.junit4.JUnit4Provider.invoke(JUnit4Provider.java:159) [surefire-junit4-2.21.0.jar:2.21.0]
	at org.apache.maven.surefire.booter.ForkedBooter.invokeProviderInSameClassLoader(ForkedBooter.java:379) [surefire-booter-2.21.0.jar:2.21.0]
	at org.apache.maven.surefire.booter.ForkedBooter.runSuitesInProcess(ForkedBooter.java:340) [surefire-booter-2.21.0.jar:2.21.0]
	at org.apache.maven.surefire.booter.ForkedBooter.execute(ForkedBooter.java:125) [surefire-booter-2.21.0.jar:2.21.0]
	at org.apache.maven.surefire.booter.ForkedBooter.main(ForkedBooter.java:413) [surefire-booter-2.21.0.jar:2.21.0]


MockHttpServletRequest:
      HTTP Method = POST
      Request URI = /student/add
       Parameters = {login=[adle], passwd=[test]}
          Headers = {Accept=[application/json]}
             Body = null
    Session Attrs = {}

Handler:
             Type = com.dziennik.rest.MainController
           Method = public java.lang.String com.dziennik.rest.MainController.addStudent(java.lang.String,java.lang.String,java.lang.String)

Async:
    Async started = false
     Async result = null

Resolved Exception:
             Type = org.springframework.web.bind.MissingServletRequestParameterException

ModelAndView:
        View name = null
             View = null
            Model = null

FlashMap:
       Attributes = null

MockHttpServletResponse:
           Status = 400
    Error message = Required String parameter 'email' is not present
          Headers = {}
     Content type = null
             Body = 
    Forwarded URL = null
   Redirected URL = null
          Cookies = []

MockHttpServletRequest:
      HTTP Method = POST
      Request URI = /student/add
       Parameters = {login=[adle], email=[abc@abc.com], passwd=[test]}
          Headers = {Accept=[application/json]}
             Body = null
    Session Attrs = {}

Handler:
             Type = com.dziennik.rest.MainController
           Method = public java.lang.String com.dziennik.rest.MainController.addStudent(java.lang.String,java.lang.String,java.lang.String)

Async:
    Async started = false
     Async result = null

Resolved Exception:
             Type = null

ModelAndView:
        View name = s_added
             View = null
            Model = null

FlashMap:
       Attributes = null

MockHttpServletResponse:
           Status = 200
    Error message = null
          Headers = {Content-Language=[en], Content-Type=[text/html;charset=UTF-8]}
     Content type = text/html;charset=UTF-8
             Body = <!DOCTYPE html SYSTEM "http://www.thymeleaf.org/dtd/xhtml1-strict-thymeleaf-spring4-4.dtd">

<html xmlns="http://www.w3.org/1999/xhtml">
<head>
    <title>Add Form</title>
</head>
<body>
     Dziękujemy za dodanie studenta
</body>
</html>

    Forwarded URL = null
   Redirected URL = null
          Cookies = []

MockHttpServletRequest:
      HTTP Method = POST
      Request URI = /student/add
       Parameters = {login=[adle], email=[abc@abc.com], passwd=[test]}
          Headers = {Accept=[application/json]}
             Body = null
    Session Attrs = {}

Handler:
             Type = com.dziennik.rest.MainController
           Method = public java.lang.String com.dziennik.rest.MainController.addStudent(java.lang.String,java.lang.String,java.lang.String)

Async:
    Async started = false
     Async result = null

Resolved Exception:
             Type = null

ModelAndView:
        View name = s_added
             View = null
            Model = null

FlashMap:
       Attributes = null

MockHttpServletResponse:
           Status = 200
    Error message = null
          Headers = {Content-Language=[en], Content-Type=[text/html;charset=UTF-8]}
     Content type = text/html;charset=UTF-8
             Body = <!DOCTYPE html SYSTEM "http://www.thymeleaf.org/dtd/xhtml1-strict-thymeleaf-spring4-4.dtd">

<html xmlns="http://www.w3.org/1999/xhtml">
<head>
    <title>Add Form</title>
</head>
<body>
     Dziękujemy za dodanie studenta
</body>
</html>

    Forwarded URL = null
   Redirected URL = null
          Cookies = []
]]></system-out>
  </testcase>
  <testcase name="getUser" classname="com.dziennik.rest.MainControllerTest" time="0.062">
    <error message="Request processing failed; nested exception is org.thymeleaf.exceptions.TemplateInputException: Error resolving template &quot;student/adle&quot;, template might not exist or might not be accessible by any of the configured Template Resolvers" type="org.springframework.web.util.NestedServletException">org.springframework.web.util.NestedServletException: Request processing failed; nested exception is org.thymeleaf.exceptions.TemplateInputException: Error resolving template "student/adle", template might not exist or might not be accessible by any of the configured Template Resolvers
	at com.dziennik.rest.MainControllerTest.getUser(MainControllerTest.java:81)
Caused by: org.thymeleaf.exceptions.TemplateInputException: Error resolving template "student/adle", template might not exist or might not be accessible by any of the configured Template Resolvers
	at com.dziennik.rest.MainControllerTest.getUser(MainControllerTest.java:81)
</error>
    <system-out><![CDATA[2018-05-28 23:31:07.340  INFO 7116 --- [           main] o.s.t.c.transaction.TransactionContext   : Began transaction (1) for test context [DefaultTestContext@76e00bdb testClass = MainControllerTest, testInstance = com.dziennik.rest.MainControllerTest@7ee2423, testMethod = getUser@MainControllerTest, testException = [null], mergedContextConfiguration = [WebMergedContextConfiguration@343d1d25 testClass = MainControllerTest, locations = '{}', classes = '{class com.dziennik.HibernateApplication}', contextInitializerClasses = '[]', activeProfiles = '{}', propertySourceLocations = '{}', propertySourceProperties = '{org.springframework.boot.test.context.SpringBootTestContextBootstrapper=true}', contextCustomizers = set[[ImportsContextCustomizer@762da62b key = [org.springframework.boot.test.autoconfigure.web.servlet.MockMvcAutoConfiguration, org.springframework.boot.test.autoconfigure.web.servlet.MockMvcSecurityAutoConfiguration, org.springframework.boot.test.autoconfigure.web.servlet.MockMvcWebClientAutoConfiguration, org.springframework.boot.test.autoconfigure.web.servlet.MockMvcWebDriverAutoConfiguration]], org.springframework.boot.test.context.filter.ExcludeFilterContextCustomizer@6366ebe0, org.springframework.boot.test.json.DuplicateJsonObjectContextCustomizerFactory$DuplicateJsonObjectContextCustomizer@43d7741f, org.springframework.boot.test.mock.mockito.MockitoContextCustomizer@0, org.springframework.boot.test.web.client.TestRestTemplateContextCustomizer@58a90037, org.springframework.boot.test.autoconfigure.properties.PropertyMappingContextCustomizer@e7e8512, org.springframework.boot.test.autoconfigure.web.servlet.WebDriverContextCustomizerFactory$Customizer@d6da883], resourceBasePath = 'src/main/webapp', contextLoader = 'org.springframework.boot.test.context.SpringBootContextLoader', parent = [null]], attributes = map['org.springframework.test.context.web.ServletTestExecutionListener.activateListener' -> true, 'org.springframework.test.context.web.ServletTestExecutionListener.populatedRequestContextHolder' -> true, 'org.springframework.test.context.web.ServletTestExecutionListener.resetRequestContextHolder' -> true]]; transaction manager [org.springframework.orm.jpa.JpaTransactionManager@2fca3eb5]; rollback [true]
Hibernate: select students0_.student_id as student_1_1_, students0_.email as email2_1_, students0_.login as login3_1_, students0_.passwd as passwd4_1_ from students students0_ where students0_.login=?
2018-05-28 23:31:07.372 ERROR 7116 --- [           main] org.thymeleaf.TemplateEngine             : [THYMELEAF][main] Exception processing template "student/adle": Error resolving template "student/adle", template might not exist or might not be accessible by any of the configured Template Resolvers

org.thymeleaf.exceptions.TemplateInputException: Error resolving template "student/adle", template might not exist or might not be accessible by any of the configured Template Resolvers
	at org.thymeleaf.engine.TemplateManager.resolveTemplate(TemplateManager.java:870) ~[thymeleaf-3.0.9.RELEASE.jar:3.0.9.RELEASE]
	at org.thymeleaf.engine.TemplateManager.parseAndProcess(TemplateManager.java:607) ~[thymeleaf-3.0.9.RELEASE.jar:3.0.9.RELEASE]
	at org.thymeleaf.TemplateEngine.process(TemplateEngine.java:1098) [thymeleaf-3.0.9.RELEASE.jar:3.0.9.RELEASE]
	at org.thymeleaf.TemplateEngine.process(TemplateEngine.java:1072) [thymeleaf-3.0.9.RELEASE.jar:3.0.9.RELEASE]
	at org.thymeleaf.spring5.view.ThymeleafView.renderFragment(ThymeleafView.java:354) [thymeleaf-spring5-3.0.9.RELEASE.jar:3.0.9.RELEASE]
	at org.thymeleaf.spring5.view.ThymeleafView.render(ThymeleafView.java:187) [thymeleaf-spring5-3.0.9.RELEASE.jar:3.0.9.RELEASE]
	at org.springframework.web.servlet.DispatcherServlet.render(DispatcherServlet.java:1325) [spring-webmvc-5.0.5.RELEASE.jar:5.0.5.RELEASE]
	at org.springframework.test.web.servlet.TestDispatcherServlet.render(TestDispatcherServlet.java:118) [spring-test-5.0.5.RELEASE.jar:5.0.5.RELEASE]
	at org.springframework.web.servlet.DispatcherServlet.processDispatchResult(DispatcherServlet.java:1069) [spring-webmvc-5.0.5.RELEASE.jar:5.0.5.RELEASE]
	at org.springframework.web.servlet.DispatcherServlet.doDispatch(DispatcherServlet.java:1008) [spring-webmvc-5.0.5.RELEASE.jar:5.0.5.RELEASE]
	at org.springframework.web.servlet.DispatcherServlet.doService(DispatcherServlet.java:925) [spring-webmvc-5.0.5.RELEASE.jar:5.0.5.RELEASE]
	at org.springframework.web.servlet.FrameworkServlet.processRequest(FrameworkServlet.java:974) [spring-webmvc-5.0.5.RELEASE.jar:5.0.5.RELEASE]
	at org.springframework.web.servlet.FrameworkServlet.doGet(FrameworkServlet.java:866) [spring-webmvc-5.0.5.RELEASE.jar:5.0.5.RELEASE]
	at javax.servlet.http.HttpServlet.service(HttpServlet.java:635) [tomcat-embed-core-8.5.29.jar:8.5.29]
	at org.springframework.web.servlet.FrameworkServlet.service(FrameworkServlet.java:851) [spring-webmvc-5.0.5.RELEASE.jar:5.0.5.RELEASE]
	at org.springframework.test.web.servlet.TestDispatcherServlet.service(TestDispatcherServlet.java:68) [spring-test-5.0.5.RELEASE.jar:5.0.5.RELEASE]
	at javax.servlet.http.HttpServlet.service(HttpServlet.java:742) [tomcat-embed-core-8.5.29.jar:8.5.29]
	at org.springframework.mock.web.MockFilterChain$ServletFilterProxy.doFilter(MockFilterChain.java:166) [spring-test-5.0.5.RELEASE.jar:5.0.5.RELEASE]
	at org.springframework.mock.web.MockFilterChain.doFilter(MockFilterChain.java:133) [spring-test-5.0.5.RELEASE.jar:5.0.5.RELEASE]
	at org.springframework.web.filter.CharacterEncodingFilter.doFilterInternal(CharacterEncodingFilter.java:200) [spring-web-5.0.5.RELEASE.jar:5.0.5.RELEASE]
	at org.springframework.web.filter.OncePerRequestFilter.doFilter(OncePerRequestFilter.java:107) [spring-web-5.0.5.RELEASE.jar:5.0.5.RELEASE]
	at org.springframework.mock.web.MockFilterChain.doFilter(MockFilterChain.java:133) [spring-test-5.0.5.RELEASE.jar:5.0.5.RELEASE]
	at org.springframework.test.web.servlet.MockMvc.perform(MockMvc.java:165) [spring-test-5.0.5.RELEASE.jar:5.0.5.RELEASE]
	at com.dziennik.rest.MainControllerTest.getUser(MainControllerTest.java:81) [test-classes/:na]
	at sun.reflect.NativeMethodAccessorImpl.invoke0(Native Method) ~[na:1.8.0_60]
	at sun.reflect.NativeMethodAccessorImpl.invoke(NativeMethodAccessorImpl.java:62) ~[na:1.8.0_60]
	at sun.reflect.DelegatingMethodAccessorImpl.invoke(DelegatingMethodAccessorImpl.java:43) ~[na:1.8.0_60]
	at java.lang.reflect.Method.invoke(Method.java:497) ~[na:1.8.0_60]
	at org.junit.runners.model.FrameworkMethod$1.runReflectiveCall(FrameworkMethod.java:50) [junit-4.12.jar:4.12]
	at org.junit.internal.runners.model.ReflectiveCallable.run(ReflectiveCallable.java:12) [junit-4.12.jar:4.12]
	at org.junit.runners.model.FrameworkMethod.invokeExplosively(FrameworkMethod.java:47) [junit-4.12.jar:4.12]
	at org.junit.internal.runners.statements.InvokeMethod.evaluate(InvokeMethod.java:17) [junit-4.12.jar:4.12]
	at org.springframework.test.context.junit4.statements.RunBeforeTestExecutionCallbacks.evaluate(RunBeforeTestExecutionCallbacks.java:73) [spring-test-5.0.5.RELEASE.jar:5.0.5.RELEASE]
	at org.springframework.test.context.junit4.statements.RunAfterTestExecutionCallbacks.evaluate(RunAfterTestExecutionCallbacks.java:83) [spring-test-5.0.5.RELEASE.jar:5.0.5.RELEASE]
	at org.junit.internal.runners.statements.RunBefores.evaluate(RunBefores.java:26) [junit-4.12.jar:4.12]
	at org.springframework.test.context.junit4.statements.RunBeforeTestMethodCallbacks.evaluate(RunBeforeTestMethodCallbacks.java:75) [spring-test-5.0.5.RELEASE.jar:5.0.5.RELEASE]
	at org.junit.internal.runners.statements.RunAfters.evaluate(RunAfters.java:27) [junit-4.12.jar:4.12]
	at org.springframework.test.context.junit4.statements.RunAfterTestMethodCallbacks.evaluate(RunAfterTestMethodCallbacks.java:86) [spring-test-5.0.5.RELEASE.jar:5.0.5.RELEASE]
	at org.springframework.test.context.junit4.statements.SpringRepeat.evaluate(SpringRepeat.java:84) [spring-test-5.0.5.RELEASE.jar:5.0.5.RELEASE]
	at org.junit.runners.ParentRunner.runLeaf(ParentRunner.java:325) [junit-4.12.jar:4.12]
	at org.springframework.test.context.junit4.SpringJUnit4ClassRunner.runChild(SpringJUnit4ClassRunner.java:251) [spring-test-5.0.5.RELEASE.jar:5.0.5.RELEASE]
	at org.springframework.test.context.junit4.SpringJUnit4ClassRunner.runChild(SpringJUnit4ClassRunner.java:97) [spring-test-5.0.5.RELEASE.jar:5.0.5.RELEASE]
	at org.junit.runners.ParentRunner$3.run(ParentRunner.java:290) [junit-4.12.jar:4.12]
	at org.junit.runners.ParentRunner$1.schedule(ParentRunner.java:71) [junit-4.12.jar:4.12]
	at org.junit.runners.ParentRunner.runChildren(ParentRunner.java:288) [junit-4.12.jar:4.12]
	at org.junit.runners.ParentRunner.access$000(ParentRunner.java:58) [junit-4.12.jar:4.12]
	at org.junit.runners.ParentRunner$2.evaluate(ParentRunner.java:268) [junit-4.12.jar:4.12]
	at org.springframework.test.context.junit4.statements.RunBeforeTestClassCallbacks.evaluate(RunBeforeTestClassCallbacks.java:61) [spring-test-5.0.5.RELEASE.jar:5.0.5.RELEASE]
	at org.springframework.test.context.junit4.statements.RunAfterTestClassCallbacks.evaluate(RunAfterTestClassCallbacks.java:70) [spring-test-5.0.5.RELEASE.jar:5.0.5.RELEASE]
	at org.junit.runners.ParentRunner.run(ParentRunner.java:363) [junit-4.12.jar:4.12]
	at org.springframework.test.context.junit4.SpringJUnit4ClassRunner.run(SpringJUnit4ClassRunner.java:190) [spring-test-5.0.5.RELEASE.jar:5.0.5.RELEASE]
	at org.apache.maven.surefire.junit4.JUnit4Provider.execute(JUnit4Provider.java:365) [surefire-junit4-2.21.0.jar:2.21.0]
	at org.apache.maven.surefire.junit4.JUnit4Provider.executeWithRerun(JUnit4Provider.java:273) [surefire-junit4-2.21.0.jar:2.21.0]
	at org.apache.maven.surefire.junit4.JUnit4Provider.executeTestSet(JUnit4Provider.java:238) [surefire-junit4-2.21.0.jar:2.21.0]
	at org.apache.maven.surefire.junit4.JUnit4Provider.invoke(JUnit4Provider.java:159) [surefire-junit4-2.21.0.jar:2.21.0]
	at org.apache.maven.surefire.booter.ForkedBooter.invokeProviderInSameClassLoader(ForkedBooter.java:379) [surefire-booter-2.21.0.jar:2.21.0]
	at org.apache.maven.surefire.booter.ForkedBooter.runSuitesInProcess(ForkedBooter.java:340) [surefire-booter-2.21.0.jar:2.21.0]
	at org.apache.maven.surefire.booter.ForkedBooter.execute(ForkedBooter.java:125) [surefire-booter-2.21.0.jar:2.21.0]
	at org.apache.maven.surefire.booter.ForkedBooter.main(ForkedBooter.java:413) [surefire-booter-2.21.0.jar:2.21.0]

Hibernate: select students0_.student_id as student_1_1_, students0_.email as email2_1_, students0_.login as login3_1_, students0_.passwd as passwd4_1_ from students students0_
2018-05-28 23:31:07.372 ERROR 7116 --- [           main] org.thymeleaf.TemplateEngine             : [THYMELEAF][main] Exception processing template "student/all": Error resolving template "student/all", template might not exist or might not be accessible by any of the configured Template Resolvers

org.thymeleaf.exceptions.TemplateInputException: Error resolving template "student/all", template might not exist or might not be accessible by any of the configured Template Resolvers
	at org.thymeleaf.engine.TemplateManager.resolveTemplate(TemplateManager.java:870) ~[thymeleaf-3.0.9.RELEASE.jar:3.0.9.RELEASE]
	at org.thymeleaf.engine.TemplateManager.parseAndProcess(TemplateManager.java:607) ~[thymeleaf-3.0.9.RELEASE.jar:3.0.9.RELEASE]
	at org.thymeleaf.TemplateEngine.process(TemplateEngine.java:1098) [thymeleaf-3.0.9.RELEASE.jar:3.0.9.RELEASE]
	at org.thymeleaf.TemplateEngine.process(TemplateEngine.java:1072) [thymeleaf-3.0.9.RELEASE.jar:3.0.9.RELEASE]
	at org.thymeleaf.spring5.view.ThymeleafView.renderFragment(ThymeleafView.java:354) [thymeleaf-spring5-3.0.9.RELEASE.jar:3.0.9.RELEASE]
	at org.thymeleaf.spring5.view.ThymeleafView.render(ThymeleafView.java:187) [thymeleaf-spring5-3.0.9.RELEASE.jar:3.0.9.RELEASE]
	at org.springframework.web.servlet.DispatcherServlet.render(DispatcherServlet.java:1325) [spring-webmvc-5.0.5.RELEASE.jar:5.0.5.RELEASE]
	at org.springframework.test.web.servlet.TestDispatcherServlet.render(TestDispatcherServlet.java:118) [spring-test-5.0.5.RELEASE.jar:5.0.5.RELEASE]
	at org.springframework.web.servlet.DispatcherServlet.processDispatchResult(DispatcherServlet.java:1069) [spring-webmvc-5.0.5.RELEASE.jar:5.0.5.RELEASE]
	at org.springframework.web.servlet.DispatcherServlet.doDispatch(DispatcherServlet.java:1008) [spring-webmvc-5.0.5.RELEASE.jar:5.0.5.RELEASE]
	at org.springframework.web.servlet.DispatcherServlet.doService(DispatcherServlet.java:925) [spring-webmvc-5.0.5.RELEASE.jar:5.0.5.RELEASE]
	at org.springframework.web.servlet.FrameworkServlet.processRequest(FrameworkServlet.java:974) [spring-webmvc-5.0.5.RELEASE.jar:5.0.5.RELEASE]
	at org.springframework.web.servlet.FrameworkServlet.doDelete(FrameworkServlet.java:899) [spring-webmvc-5.0.5.RELEASE.jar:5.0.5.RELEASE]
	at javax.servlet.http.HttpServlet.service(HttpServlet.java:667) [tomcat-embed-core-8.5.29.jar:8.5.29]
	at org.springframework.web.servlet.FrameworkServlet.service(FrameworkServlet.java:851) [spring-webmvc-5.0.5.RELEASE.jar:5.0.5.RELEASE]
	at org.springframework.test.web.servlet.TestDispatcherServlet.service(TestDispatcherServlet.java:68) [spring-test-5.0.5.RELEASE.jar:5.0.5.RELEASE]
	at javax.servlet.http.HttpServlet.service(HttpServlet.java:742) [tomcat-embed-core-8.5.29.jar:8.5.29]
	at org.springframework.mock.web.MockFilterChain$ServletFilterProxy.doFilter(MockFilterChain.java:166) [spring-test-5.0.5.RELEASE.jar:5.0.5.RELEASE]
	at org.springframework.mock.web.MockFilterChain.doFilter(MockFilterChain.java:133) [spring-test-5.0.5.RELEASE.jar:5.0.5.RELEASE]
	at org.springframework.web.filter.CharacterEncodingFilter.doFilterInternal(CharacterEncodingFilter.java:200) [spring-web-5.0.5.RELEASE.jar:5.0.5.RELEASE]
	at org.springframework.web.filter.OncePerRequestFilter.doFilter(OncePerRequestFilter.java:107) [spring-web-5.0.5.RELEASE.jar:5.0.5.RELEASE]
	at org.springframework.mock.web.MockFilterChain.doFilter(MockFilterChain.java:133) [spring-test-5.0.5.RELEASE.jar:5.0.5.RELEASE]
	at org.springframework.test.web.servlet.MockMvc.perform(MockMvc.java:165) [spring-test-5.0.5.RELEASE.jar:5.0.5.RELEASE]
	at com.dziennik.rest.MainControllerTest.tearDown(MainControllerTest.java:44) [test-classes/:na]
	at sun.reflect.NativeMethodAccessorImpl.invoke0(Native Method) ~[na:1.8.0_60]
	at sun.reflect.NativeMethodAccessorImpl.invoke(NativeMethodAccessorImpl.java:62) ~[na:1.8.0_60]
	at sun.reflect.DelegatingMethodAccessorImpl.invoke(DelegatingMethodAccessorImpl.java:43) ~[na:1.8.0_60]
	at java.lang.reflect.Method.invoke(Method.java:497) ~[na:1.8.0_60]
	at org.junit.runners.model.FrameworkMethod$1.runReflectiveCall(FrameworkMethod.java:50) [junit-4.12.jar:4.12]
	at org.junit.internal.runners.model.ReflectiveCallable.run(ReflectiveCallable.java:12) [junit-4.12.jar:4.12]
	at org.junit.runners.model.FrameworkMethod.invokeExplosively(FrameworkMethod.java:47) [junit-4.12.jar:4.12]
	at org.junit.internal.runners.statements.RunAfters.evaluate(RunAfters.java:33) [junit-4.12.jar:4.12]
	at org.springframework.test.context.junit4.statements.RunAfterTestMethodCallbacks.evaluate(RunAfterTestMethodCallbacks.java:86) [spring-test-5.0.5.RELEASE.jar:5.0.5.RELEASE]
	at org.springframework.test.context.junit4.statements.SpringRepeat.evaluate(SpringRepeat.java:84) [spring-test-5.0.5.RELEASE.jar:5.0.5.RELEASE]
	at org.junit.runners.ParentRunner.runLeaf(ParentRunner.java:325) [junit-4.12.jar:4.12]
	at org.springframework.test.context.junit4.SpringJUnit4ClassRunner.runChild(SpringJUnit4ClassRunner.java:251) [spring-test-5.0.5.RELEASE.jar:5.0.5.RELEASE]
	at org.springframework.test.context.junit4.SpringJUnit4ClassRunner.runChild(SpringJUnit4ClassRunner.java:97) [spring-test-5.0.5.RELEASE.jar:5.0.5.RELEASE]
	at org.junit.runners.ParentRunner$3.run(ParentRunner.java:290) [junit-4.12.jar:4.12]
	at org.junit.runners.ParentRunner$1.schedule(ParentRunner.java:71) [junit-4.12.jar:4.12]
	at org.junit.runners.ParentRunner.runChildren(ParentRunner.java:288) [junit-4.12.jar:4.12]
	at org.junit.runners.ParentRunner.access$000(ParentRunner.java:58) [junit-4.12.jar:4.12]
	at org.junit.runners.ParentRunner$2.evaluate(ParentRunner.java:268) [junit-4.12.jar:4.12]
	at org.springframework.test.context.junit4.statements.RunBeforeTestClassCallbacks.evaluate(RunBeforeTestClassCallbacks.java:61) [spring-test-5.0.5.RELEASE.jar:5.0.5.RELEASE]
	at org.springframework.test.context.junit4.statements.RunAfterTestClassCallbacks.evaluate(RunAfterTestClassCallbacks.java:70) [spring-test-5.0.5.RELEASE.jar:5.0.5.RELEASE]
	at org.junit.runners.ParentRunner.run(ParentRunner.java:363) [junit-4.12.jar:4.12]
	at org.springframework.test.context.junit4.SpringJUnit4ClassRunner.run(SpringJUnit4ClassRunner.java:190) [spring-test-5.0.5.RELEASE.jar:5.0.5.RELEASE]
	at org.apache.maven.surefire.junit4.JUnit4Provider.execute(JUnit4Provider.java:365) [surefire-junit4-2.21.0.jar:2.21.0]
	at org.apache.maven.surefire.junit4.JUnit4Provider.executeWithRerun(JUnit4Provider.java:273) [surefire-junit4-2.21.0.jar:2.21.0]
	at org.apache.maven.surefire.junit4.JUnit4Provider.executeTestSet(JUnit4Provider.java:238) [surefire-junit4-2.21.0.jar:2.21.0]
	at org.apache.maven.surefire.junit4.JUnit4Provider.invoke(JUnit4Provider.java:159) [surefire-junit4-2.21.0.jar:2.21.0]
	at org.apache.maven.surefire.booter.ForkedBooter.invokeProviderInSameClassLoader(ForkedBooter.java:379) [surefire-booter-2.21.0.jar:2.21.0]
	at org.apache.maven.surefire.booter.ForkedBooter.runSuitesInProcess(ForkedBooter.java:340) [surefire-booter-2.21.0.jar:2.21.0]
	at org.apache.maven.surefire.booter.ForkedBooter.execute(ForkedBooter.java:125) [surefire-booter-2.21.0.jar:2.21.0]
	at org.apache.maven.surefire.booter.ForkedBooter.main(ForkedBooter.java:413) [surefire-booter-2.21.0.jar:2.21.0]


MockHttpServletRequest:
      HTTP Method = POST
      Request URI = /student/add
       Parameters = {login=[adle], passwd=[test]}
          Headers = {Accept=[application/json]}
             Body = null
    Session Attrs = {}

Handler:
             Type = com.dziennik.rest.MainController
           Method = public java.lang.String com.dziennik.rest.MainController.addStudent(java.lang.String,java.lang.String,java.lang.String)

Async:
    Async started = false
     Async result = null

Resolved Exception:
             Type = org.springframework.web.bind.MissingServletRequestParameterException

ModelAndView:
        View name = null
             View = null
            Model = null

FlashMap:
       Attributes = null

MockHttpServletResponse:
           Status = 400
    Error message = Required String parameter 'email' is not present
          Headers = {}
     Content type = null
             Body = 
    Forwarded URL = null
   Redirected URL = null
          Cookies = []

MockHttpServletRequest:
      HTTP Method = POST
      Request URI = /student/add
       Parameters = {login=[adle], email=[abc@abc.com], passwd=[test]}
          Headers = {Accept=[application/json]}
             Body = null
    Session Attrs = {}

Handler:
             Type = com.dziennik.rest.MainController
           Method = public java.lang.String com.dziennik.rest.MainController.addStudent(java.lang.String,java.lang.String,java.lang.String)

Async:
    Async started = false
     Async result = null

Resolved Exception:
             Type = null

ModelAndView:
        View name = s_added
             View = null
            Model = null

FlashMap:
       Attributes = null

MockHttpServletResponse:
           Status = 200
    Error message = null
          Headers = {Content-Language=[en], Content-Type=[text/html;charset=UTF-8]}
     Content type = text/html;charset=UTF-8
             Body = <!DOCTYPE html SYSTEM "http://www.thymeleaf.org/dtd/xhtml1-strict-thymeleaf-spring4-4.dtd">

<html xmlns="http://www.w3.org/1999/xhtml">
<head>
    <title>Add Form</title>
</head>
<body>
     Dziękujemy za dodanie studenta
</body>
</html>

    Forwarded URL = null
   Redirected URL = null
          Cookies = []

MockHttpServletRequest:
      HTTP Method = POST
      Request URI = /student/add
       Parameters = {login=[adle], email=[abc@abc.com], passwd=[test]}
          Headers = {Accept=[application/json]}
             Body = null
    Session Attrs = {}

Handler:
             Type = com.dziennik.rest.MainController
           Method = public java.lang.String com.dziennik.rest.MainController.addStudent(java.lang.String,java.lang.String,java.lang.String)

Async:
    Async started = false
     Async result = null

Resolved Exception:
             Type = null

ModelAndView:
        View name = s_added
             View = null
            Model = null

FlashMap:
       Attributes = null

MockHttpServletResponse:
           Status = 200
    Error message = null
          Headers = {Content-Language=[en], Content-Type=[text/html;charset=UTF-8]}
     Content type = text/html;charset=UTF-8
             Body = <!DOCTYPE html SYSTEM "http://www.thymeleaf.org/dtd/xhtml1-strict-thymeleaf-spring4-4.dtd">

<html xmlns="http://www.w3.org/1999/xhtml">
<head>
    <title>Add Form</title>
</head>
<body>
     Dziękujemy za dodanie studenta
</body>
</html>

    Forwarded URL = null
   Redirected URL = null
          Cookies = []
2018-05-28 23:31:07.372  INFO 7116 --- [           main] o.s.t.c.transaction.TransactionContext   : Rolled back transaction for test: [DefaultTestContext@76e00bdb testClass = MainControllerTest, testInstance = com.dziennik.rest.MainControllerTest@7ee2423, testMethod = getUser@MainControllerTest, testException = org.junit.internal.runners.model.MultipleFailureException: There were 2 errors:
  org.springframework.web.util.NestedServletException(Request processing failed; nested exception is org.thymeleaf.exceptions.TemplateInputException: Error resolving template "student/adle", template might not exist or might not be accessible by any of the configured Template Resolvers)
  org.springframework.web.util.NestedServletException(Request processing failed; nested exception is org.thymeleaf.exceptions.TemplateInputException: Error resolving template "student/all", template might not exist or might not be accessible by any of the configured Template Resolvers), mergedContextConfiguration = [WebMergedContextConfiguration@343d1d25 testClass = MainControllerTest, locations = '{}', classes = '{class com.dziennik.HibernateApplication}', contextInitializerClasses = '[]', activeProfiles = '{}', propertySourceLocations = '{}', propertySourceProperties = '{org.springframework.boot.test.context.SpringBootTestContextBootstrapper=true}', contextCustomizers = set[[ImportsContextCustomizer@762da62b key = [org.springframework.boot.test.autoconfigure.web.servlet.MockMvcAutoConfiguration, org.springframework.boot.test.autoconfigure.web.servlet.MockMvcSecurityAutoConfiguration, org.springframework.boot.test.autoconfigure.web.servlet.MockMvcWebClientAutoConfiguration, org.springframework.boot.test.autoconfigure.web.servlet.MockMvcWebDriverAutoConfiguration]], org.springframework.boot.test.context.filter.ExcludeFilterContextCustomizer@6366ebe0, org.springframework.boot.test.json.DuplicateJsonObjectContextCustomizerFactory$DuplicateJsonObjectContextCustomizer@43d7741f, org.springframework.boot.test.mock.mockito.MockitoContextCustomizer@0, org.springframework.boot.test.web.client.TestRestTemplateContextCustomizer@58a90037, org.springframework.boot.test.autoconfigure.properties.PropertyMappingContextCustomizer@e7e8512, org.springframework.boot.test.autoconfigure.web.servlet.WebDriverContextCustomizerFactory$Customizer@d6da883], resourceBasePath = 'src/main/webapp', contextLoader = 'org.springframework.boot.test.context.SpringBootContextLoader', parent = [null]], attributes = map['org.springframework.test.context.web.ServletTestExecutionListener.activateListener' -> true, 'org.springframework.test.context.web.ServletTestExecutionListener.populatedRequestContextHolder' -> true, 'org.springframework.test.context.web.ServletTestExecutionListener.resetRequestContextHolder' -> true]]
]]></system-out>
  </testcase>
  <testcase name="getUser" classname="com.dziennik.rest.MainControllerTest" time="0.062">
    <error message="Request processing failed; nested exception is org.thymeleaf.exceptions.TemplateInputException: Error resolving template &quot;student/all&quot;, template might not exist or might not be accessible by any of the configured Template Resolvers" type="org.springframework.web.util.NestedServletException">org.springframework.web.util.NestedServletException: Request processing failed; nested exception is org.thymeleaf.exceptions.TemplateInputException: Error resolving template "student/all", template might not exist or might not be accessible by any of the configured Template Resolvers
	at com.dziennik.rest.MainControllerTest.tearDown(MainControllerTest.java:44)
Caused by: org.thymeleaf.exceptions.TemplateInputException: Error resolving template "student/all", template might not exist or might not be accessible by any of the configured Template Resolvers
	at com.dziennik.rest.MainControllerTest.tearDown(MainControllerTest.java:44)
</error>
  </testcase>
  <testcase name="addUserToUserGroup" classname="com.dziennik.rest.MainControllerTest" time="0.25">
    <error message="Request processing failed; nested exception is org.thymeleaf.exceptions.TemplateInputException: Error resolving template &quot;class/ugTest/add/adle&quot;, template might not exist or might not be accessible by any of the configured Template Resolvers" type="org.springframework.web.util.NestedServletException">org.springframework.web.util.NestedServletException: Request processing failed; nested exception is org.thymeleaf.exceptions.TemplateInputException: Error resolving template "class/ugTest/add/adle", template might not exist or might not be accessible by any of the configured Template Resolvers
	at com.dziennik.rest.MainControllerTest.addUserToUserGroup(MainControllerTest.java:103)
Caused by: org.thymeleaf.exceptions.TemplateInputException: Error resolving template "class/ugTest/add/adle", template might not exist or might not be accessible by any of the configured Template Resolvers
	at com.dziennik.rest.MainControllerTest.addUserToUserGroup(MainControllerTest.java:103)
</error>
    <system-out><![CDATA[Hibernate: select next_val as id_val from hibernate_sequence for update
Hibernate: update hibernate_sequence set next_val= ? where next_val=?
Hibernate: insert into students (email, login, passwd, student_id) values (?, ?, ?, ?)
Hibernate: select next_val as id_val from hibernate_sequence for update
Hibernate: update hibernate_sequence set next_val= ? where next_val=?
Hibernate: insert into classes (name, classes_id) values (?, ?)
Hibernate: select classes0_.classes_id as classes_1_0_, classes0_.name as name2_0_ from classes classes0_ where classes0_.name=?
Hibernate: select students0_.student_id as student_1_1_, students0_.email as email2_1_, students0_.login as login3_1_, students0_.passwd as passwd4_1_ from students students0_ where students0_.login=?
Hibernate: select studentsli0_.classes_id as classes_2_2_0_, studentsli0_.student_id as student_1_2_0_, students1_.student_id as student_1_1_1_, students1_.email as email2_1_1_, students1_.login as login3_1_1_, students1_.passwd as passwd4_1_1_ from students_classes studentsli0_ inner join students students1_ on studentsli0_.student_id=students1_.student_id where studentsli0_.classes_id=?
Hibernate: insert into students_classes (classes_id, student_id) values (?, ?)
2018-05-28 23:31:07.528 ERROR 7116 --- [           main] org.thymeleaf.TemplateEngine             : [THYMELEAF][main] Exception processing template "class/ugTest/add/adle": Error resolving template "class/ugTest/add/adle", template might not exist or might not be accessible by any of the configured Template Resolvers

org.thymeleaf.exceptions.TemplateInputException: Error resolving template "class/ugTest/add/adle", template might not exist or might not be accessible by any of the configured Template Resolvers
	at org.thymeleaf.engine.TemplateManager.resolveTemplate(TemplateManager.java:870) ~[thymeleaf-3.0.9.RELEASE.jar:3.0.9.RELEASE]
	at org.thymeleaf.engine.TemplateManager.parseAndProcess(TemplateManager.java:607) ~[thymeleaf-3.0.9.RELEASE.jar:3.0.9.RELEASE]
	at org.thymeleaf.TemplateEngine.process(TemplateEngine.java:1098) [thymeleaf-3.0.9.RELEASE.jar:3.0.9.RELEASE]
	at org.thymeleaf.TemplateEngine.process(TemplateEngine.java:1072) [thymeleaf-3.0.9.RELEASE.jar:3.0.9.RELEASE]
	at org.thymeleaf.spring5.view.ThymeleafView.renderFragment(ThymeleafView.java:354) [thymeleaf-spring5-3.0.9.RELEASE.jar:3.0.9.RELEASE]
	at org.thymeleaf.spring5.view.ThymeleafView.render(ThymeleafView.java:187) [thymeleaf-spring5-3.0.9.RELEASE.jar:3.0.9.RELEASE]
	at org.springframework.web.servlet.DispatcherServlet.render(DispatcherServlet.java:1325) [spring-webmvc-5.0.5.RELEASE.jar:5.0.5.RELEASE]
	at org.springframework.test.web.servlet.TestDispatcherServlet.render(TestDispatcherServlet.java:118) [spring-test-5.0.5.RELEASE.jar:5.0.5.RELEASE]
	at org.springframework.web.servlet.DispatcherServlet.processDispatchResult(DispatcherServlet.java:1069) [spring-webmvc-5.0.5.RELEASE.jar:5.0.5.RELEASE]
	at org.springframework.web.servlet.DispatcherServlet.doDispatch(DispatcherServlet.java:1008) [spring-webmvc-5.0.5.RELEASE.jar:5.0.5.RELEASE]
	at org.springframework.web.servlet.DispatcherServlet.doService(DispatcherServlet.java:925) [spring-webmvc-5.0.5.RELEASE.jar:5.0.5.RELEASE]
	at org.springframework.web.servlet.FrameworkServlet.processRequest(FrameworkServlet.java:974) [spring-webmvc-5.0.5.RELEASE.jar:5.0.5.RELEASE]
	at org.springframework.web.servlet.FrameworkServlet.doPost(FrameworkServlet.java:877) [spring-webmvc-5.0.5.RELEASE.jar:5.0.5.RELEASE]
	at javax.servlet.http.HttpServlet.service(HttpServlet.java:661) [tomcat-embed-core-8.5.29.jar:8.5.29]
	at org.springframework.web.servlet.FrameworkServlet.service(FrameworkServlet.java:851) [spring-webmvc-5.0.5.RELEASE.jar:5.0.5.RELEASE]
	at org.springframework.test.web.servlet.TestDispatcherServlet.service(TestDispatcherServlet.java:68) [spring-test-5.0.5.RELEASE.jar:5.0.5.RELEASE]
	at javax.servlet.http.HttpServlet.service(HttpServlet.java:742) [tomcat-embed-core-8.5.29.jar:8.5.29]
	at org.springframework.mock.web.MockFilterChain$ServletFilterProxy.doFilter(MockFilterChain.java:166) [spring-test-5.0.5.RELEASE.jar:5.0.5.RELEASE]
	at org.springframework.mock.web.MockFilterChain.doFilter(MockFilterChain.java:133) [spring-test-5.0.5.RELEASE.jar:5.0.5.RELEASE]
	at org.springframework.web.filter.CharacterEncodingFilter.doFilterInternal(CharacterEncodingFilter.java:200) [spring-web-5.0.5.RELEASE.jar:5.0.5.RELEASE]
	at org.springframework.web.filter.OncePerRequestFilter.doFilter(OncePerRequestFilter.java:107) [spring-web-5.0.5.RELEASE.jar:5.0.5.RELEASE]
	at org.springframework.mock.web.MockFilterChain.doFilter(MockFilterChain.java:133) [spring-test-5.0.5.RELEASE.jar:5.0.5.RELEASE]
	at org.springframework.test.web.servlet.MockMvc.perform(MockMvc.java:165) [spring-test-5.0.5.RELEASE.jar:5.0.5.RELEASE]
	at com.dziennik.rest.MainControllerTest.addUserToUserGroup(MainControllerTest.java:103) [test-classes/:na]
	at sun.reflect.NativeMethodAccessorImpl.invoke0(Native Method) ~[na:1.8.0_60]
	at sun.reflect.NativeMethodAccessorImpl.invoke(NativeMethodAccessorImpl.java:62) ~[na:1.8.0_60]
	at sun.reflect.DelegatingMethodAccessorImpl.invoke(DelegatingMethodAccessorImpl.java:43) ~[na:1.8.0_60]
	at java.lang.reflect.Method.invoke(Method.java:497) ~[na:1.8.0_60]
	at org.junit.runners.model.FrameworkMethod$1.runReflectiveCall(FrameworkMethod.java:50) [junit-4.12.jar:4.12]
	at org.junit.internal.runners.model.ReflectiveCallable.run(ReflectiveCallable.java:12) [junit-4.12.jar:4.12]
	at org.junit.runners.model.FrameworkMethod.invokeExplosively(FrameworkMethod.java:47) [junit-4.12.jar:4.12]
	at org.junit.internal.runners.statements.InvokeMethod.evaluate(InvokeMethod.java:17) [junit-4.12.jar:4.12]
	at org.springframework.test.context.junit4.statements.RunBeforeTestExecutionCallbacks.evaluate(RunBeforeTestExecutionCallbacks.java:73) [spring-test-5.0.5.RELEASE.jar:5.0.5.RELEASE]
	at org.springframework.test.context.junit4.statements.RunAfterTestExecutionCallbacks.evaluate(RunAfterTestExecutionCallbacks.java:83) [spring-test-5.0.5.RELEASE.jar:5.0.5.RELEASE]
	at org.junit.internal.runners.statements.RunBefores.evaluate(RunBefores.java:26) [junit-4.12.jar:4.12]
	at org.springframework.test.context.junit4.statements.RunBeforeTestMethodCallbacks.evaluate(RunBeforeTestMethodCallbacks.java:75) [spring-test-5.0.5.RELEASE.jar:5.0.5.RELEASE]
	at org.junit.internal.runners.statements.RunAfters.evaluate(RunAfters.java:27) [junit-4.12.jar:4.12]
	at org.springframework.test.context.junit4.statements.RunAfterTestMethodCallbacks.evaluate(RunAfterTestMethodCallbacks.java:86) [spring-test-5.0.5.RELEASE.jar:5.0.5.RELEASE]
	at org.springframework.test.context.junit4.statements.SpringRepeat.evaluate(SpringRepeat.java:84) [spring-test-5.0.5.RELEASE.jar:5.0.5.RELEASE]
	at org.junit.runners.ParentRunner.runLeaf(ParentRunner.java:325) [junit-4.12.jar:4.12]
	at org.springframework.test.context.junit4.SpringJUnit4ClassRunner.runChild(SpringJUnit4ClassRunner.java:251) [spring-test-5.0.5.RELEASE.jar:5.0.5.RELEASE]
	at org.springframework.test.context.junit4.SpringJUnit4ClassRunner.runChild(SpringJUnit4ClassRunner.java:97) [spring-test-5.0.5.RELEASE.jar:5.0.5.RELEASE]
	at org.junit.runners.ParentRunner$3.run(ParentRunner.java:290) [junit-4.12.jar:4.12]
	at org.junit.runners.ParentRunner$1.schedule(ParentRunner.java:71) [junit-4.12.jar:4.12]
	at org.junit.runners.ParentRunner.runChildren(ParentRunner.java:288) [junit-4.12.jar:4.12]
	at org.junit.runners.ParentRunner.access$000(ParentRunner.java:58) [junit-4.12.jar:4.12]
	at org.junit.runners.ParentRunner$2.evaluate(ParentRunner.java:268) [junit-4.12.jar:4.12]
	at org.springframework.test.context.junit4.statements.RunBeforeTestClassCallbacks.evaluate(RunBeforeTestClassCallbacks.java:61) [spring-test-5.0.5.RELEASE.jar:5.0.5.RELEASE]
	at org.springframework.test.context.junit4.statements.RunAfterTestClassCallbacks.evaluate(RunAfterTestClassCallbacks.java:70) [spring-test-5.0.5.RELEASE.jar:5.0.5.RELEASE]
	at org.junit.runners.ParentRunner.run(ParentRunner.java:363) [junit-4.12.jar:4.12]
	at org.springframework.test.context.junit4.SpringJUnit4ClassRunner.run(SpringJUnit4ClassRunner.java:190) [spring-test-5.0.5.RELEASE.jar:5.0.5.RELEASE]
	at org.apache.maven.surefire.junit4.JUnit4Provider.execute(JUnit4Provider.java:365) [surefire-junit4-2.21.0.jar:2.21.0]
	at org.apache.maven.surefire.junit4.JUnit4Provider.executeWithRerun(JUnit4Provider.java:273) [surefire-junit4-2.21.0.jar:2.21.0]
	at org.apache.maven.surefire.junit4.JUnit4Provider.executeTestSet(JUnit4Provider.java:238) [surefire-junit4-2.21.0.jar:2.21.0]
	at org.apache.maven.surefire.junit4.JUnit4Provider.invoke(JUnit4Provider.java:159) [surefire-junit4-2.21.0.jar:2.21.0]
	at org.apache.maven.surefire.booter.ForkedBooter.invokeProviderInSameClassLoader(ForkedBooter.java:379) [surefire-booter-2.21.0.jar:2.21.0]
	at org.apache.maven.surefire.booter.ForkedBooter.runSuitesInProcess(ForkedBooter.java:340) [surefire-booter-2.21.0.jar:2.21.0]
	at org.apache.maven.surefire.booter.ForkedBooter.execute(ForkedBooter.java:125) [surefire-booter-2.21.0.jar:2.21.0]
	at org.apache.maven.surefire.booter.ForkedBooter.main(ForkedBooter.java:413) [surefire-booter-2.21.0.jar:2.21.0]

Hibernate: select students0_.student_id as student_1_1_, students0_.email as email2_1_, students0_.login as login3_1_, students0_.passwd as passwd4_1_ from students students0_
Hibernate: select studentcla0_.student_id as student_1_2_0_, studentcla0_.classes_id as classes_2_2_0_, classes1_.classes_id as classes_1_0_1_, classes1_.name as name2_0_1_ from students_classes studentcla0_ inner join classes classes1_ on studentcla0_.classes_id=classes1_.classes_id where studentcla0_.student_id=?
Hibernate: select studentsli0_.classes_id as classes_2_2_0_, studentsli0_.student_id as student_1_2_0_, students1_.student_id as student_1_1_1_, students1_.email as email2_1_1_, students1_.login as login3_1_1_, students1_.passwd as passwd4_1_1_ from students_classes studentsli0_ inner join students students1_ on studentsli0_.student_id=students1_.student_id where studentsli0_.classes_id=?
Hibernate: delete from students_classes where student_id=?
Hibernate: delete from students_classes where classes_id=?
Hibernate: delete from classes where classes_id=?
Hibernate: delete from students where student_id=?
2018-05-28 23:31:07.621 ERROR 7116 --- [           main] org.thymeleaf.TemplateEngine             : [THYMELEAF][main] Exception processing template "student/all": Error resolving template "student/all", template might not exist or might not be accessible by any of the configured Template Resolvers

org.thymeleaf.exceptions.TemplateInputException: Error resolving template "student/all", template might not exist or might not be accessible by any of the configured Template Resolvers
	at org.thymeleaf.engine.TemplateManager.resolveTemplate(TemplateManager.java:870) ~[thymeleaf-3.0.9.RELEASE.jar:3.0.9.RELEASE]
	at org.thymeleaf.engine.TemplateManager.parseAndProcess(TemplateManager.java:607) ~[thymeleaf-3.0.9.RELEASE.jar:3.0.9.RELEASE]
	at org.thymeleaf.TemplateEngine.process(TemplateEngine.java:1098) [thymeleaf-3.0.9.RELEASE.jar:3.0.9.RELEASE]
	at org.thymeleaf.TemplateEngine.process(TemplateEngine.java:1072) [thymeleaf-3.0.9.RELEASE.jar:3.0.9.RELEASE]
	at org.thymeleaf.spring5.view.ThymeleafView.renderFragment(ThymeleafView.java:354) [thymeleaf-spring5-3.0.9.RELEASE.jar:3.0.9.RELEASE]
	at org.thymeleaf.spring5.view.ThymeleafView.render(ThymeleafView.java:187) [thymeleaf-spring5-3.0.9.RELEASE.jar:3.0.9.RELEASE]
	at org.springframework.web.servlet.DispatcherServlet.render(DispatcherServlet.java:1325) [spring-webmvc-5.0.5.RELEASE.jar:5.0.5.RELEASE]
	at org.springframework.test.web.servlet.TestDispatcherServlet.render(TestDispatcherServlet.java:118) [spring-test-5.0.5.RELEASE.jar:5.0.5.RELEASE]
	at org.springframework.web.servlet.DispatcherServlet.processDispatchResult(DispatcherServlet.java:1069) [spring-webmvc-5.0.5.RELEASE.jar:5.0.5.RELEASE]
	at org.springframework.web.servlet.DispatcherServlet.doDispatch(DispatcherServlet.java:1008) [spring-webmvc-5.0.5.RELEASE.jar:5.0.5.RELEASE]
	at org.springframework.web.servlet.DispatcherServlet.doService(DispatcherServlet.java:925) [spring-webmvc-5.0.5.RELEASE.jar:5.0.5.RELEASE]
	at org.springframework.web.servlet.FrameworkServlet.processRequest(FrameworkServlet.java:974) [spring-webmvc-5.0.5.RELEASE.jar:5.0.5.RELEASE]
	at org.springframework.web.servlet.FrameworkServlet.doDelete(FrameworkServlet.java:899) [spring-webmvc-5.0.5.RELEASE.jar:5.0.5.RELEASE]
	at javax.servlet.http.HttpServlet.service(HttpServlet.java:667) [tomcat-embed-core-8.5.29.jar:8.5.29]
	at org.springframework.web.servlet.FrameworkServlet.service(FrameworkServlet.java:851) [spring-webmvc-5.0.5.RELEASE.jar:5.0.5.RELEASE]
	at org.springframework.test.web.servlet.TestDispatcherServlet.service(TestDispatcherServlet.java:68) [spring-test-5.0.5.RELEASE.jar:5.0.5.RELEASE]
	at javax.servlet.http.HttpServlet.service(HttpServlet.java:742) [tomcat-embed-core-8.5.29.jar:8.5.29]
	at org.springframework.mock.web.MockFilterChain$ServletFilterProxy.doFilter(MockFilterChain.java:166) [spring-test-5.0.5.RELEASE.jar:5.0.5.RELEASE]
	at org.springframework.mock.web.MockFilterChain.doFilter(MockFilterChain.java:133) [spring-test-5.0.5.RELEASE.jar:5.0.5.RELEASE]
	at org.springframework.web.filter.CharacterEncodingFilter.doFilterInternal(CharacterEncodingFilter.java:200) [spring-web-5.0.5.RELEASE.jar:5.0.5.RELEASE]
	at org.springframework.web.filter.OncePerRequestFilter.doFilter(OncePerRequestFilter.java:107) [spring-web-5.0.5.RELEASE.jar:5.0.5.RELEASE]
	at org.springframework.mock.web.MockFilterChain.doFilter(MockFilterChain.java:133) [spring-test-5.0.5.RELEASE.jar:5.0.5.RELEASE]
	at org.springframework.test.web.servlet.MockMvc.perform(MockMvc.java:165) [spring-test-5.0.5.RELEASE.jar:5.0.5.RELEASE]
	at com.dziennik.rest.MainControllerTest.tearDown(MainControllerTest.java:44) [test-classes/:na]
	at sun.reflect.NativeMethodAccessorImpl.invoke0(Native Method) ~[na:1.8.0_60]
	at sun.reflect.NativeMethodAccessorImpl.invoke(NativeMethodAccessorImpl.java:62) ~[na:1.8.0_60]
	at sun.reflect.DelegatingMethodAccessorImpl.invoke(DelegatingMethodAccessorImpl.java:43) ~[na:1.8.0_60]
	at java.lang.reflect.Method.invoke(Method.java:497) ~[na:1.8.0_60]
	at org.junit.runners.model.FrameworkMethod$1.runReflectiveCall(FrameworkMethod.java:50) [junit-4.12.jar:4.12]
	at org.junit.internal.runners.model.ReflectiveCallable.run(ReflectiveCallable.java:12) [junit-4.12.jar:4.12]
	at org.junit.runners.model.FrameworkMethod.invokeExplosively(FrameworkMethod.java:47) [junit-4.12.jar:4.12]
	at org.junit.internal.runners.statements.RunAfters.evaluate(RunAfters.java:33) [junit-4.12.jar:4.12]
	at org.springframework.test.context.junit4.statements.RunAfterTestMethodCallbacks.evaluate(RunAfterTestMethodCallbacks.java:86) [spring-test-5.0.5.RELEASE.jar:5.0.5.RELEASE]
	at org.springframework.test.context.junit4.statements.SpringRepeat.evaluate(SpringRepeat.java:84) [spring-test-5.0.5.RELEASE.jar:5.0.5.RELEASE]
	at org.junit.runners.ParentRunner.runLeaf(ParentRunner.java:325) [junit-4.12.jar:4.12]
	at org.springframework.test.context.junit4.SpringJUnit4ClassRunner.runChild(SpringJUnit4ClassRunner.java:251) [spring-test-5.0.5.RELEASE.jar:5.0.5.RELEASE]
	at org.springframework.test.context.junit4.SpringJUnit4ClassRunner.runChild(SpringJUnit4ClassRunner.java:97) [spring-test-5.0.5.RELEASE.jar:5.0.5.RELEASE]
	at org.junit.runners.ParentRunner$3.run(ParentRunner.java:290) [junit-4.12.jar:4.12]
	at org.junit.runners.ParentRunner$1.schedule(ParentRunner.java:71) [junit-4.12.jar:4.12]
	at org.junit.runners.ParentRunner.runChildren(ParentRunner.java:288) [junit-4.12.jar:4.12]
	at org.junit.runners.ParentRunner.access$000(ParentRunner.java:58) [junit-4.12.jar:4.12]
	at org.junit.runners.ParentRunner$2.evaluate(ParentRunner.java:268) [junit-4.12.jar:4.12]
	at org.springframework.test.context.junit4.statements.RunBeforeTestClassCallbacks.evaluate(RunBeforeTestClassCallbacks.java:61) [spring-test-5.0.5.RELEASE.jar:5.0.5.RELEASE]
	at org.springframework.test.context.junit4.statements.RunAfterTestClassCallbacks.evaluate(RunAfterTestClassCallbacks.java:70) [spring-test-5.0.5.RELEASE.jar:5.0.5.RELEASE]
	at org.junit.runners.ParentRunner.run(ParentRunner.java:363) [junit-4.12.jar:4.12]
	at org.springframework.test.context.junit4.SpringJUnit4ClassRunner.run(SpringJUnit4ClassRunner.java:190) [spring-test-5.0.5.RELEASE.jar:5.0.5.RELEASE]
	at org.apache.maven.surefire.junit4.JUnit4Provider.execute(JUnit4Provider.java:365) [surefire-junit4-2.21.0.jar:2.21.0]
	at org.apache.maven.surefire.junit4.JUnit4Provider.executeWithRerun(JUnit4Provider.java:273) [surefire-junit4-2.21.0.jar:2.21.0]
	at org.apache.maven.surefire.junit4.JUnit4Provider.executeTestSet(JUnit4Provider.java:238) [surefire-junit4-2.21.0.jar:2.21.0]
	at org.apache.maven.surefire.junit4.JUnit4Provider.invoke(JUnit4Provider.java:159) [surefire-junit4-2.21.0.jar:2.21.0]
	at org.apache.maven.surefire.booter.ForkedBooter.invokeProviderInSameClassLoader(ForkedBooter.java:379) [surefire-booter-2.21.0.jar:2.21.0]
	at org.apache.maven.surefire.booter.ForkedBooter.runSuitesInProcess(ForkedBooter.java:340) [surefire-booter-2.21.0.jar:2.21.0]
	at org.apache.maven.surefire.booter.ForkedBooter.execute(ForkedBooter.java:125) [surefire-booter-2.21.0.jar:2.21.0]
	at org.apache.maven.surefire.booter.ForkedBooter.main(ForkedBooter.java:413) [surefire-booter-2.21.0.jar:2.21.0]


MockHttpServletRequest:
      HTTP Method = POST
      Request URI = /student/add
       Parameters = {login=[adle], passwd=[test]}
          Headers = {Accept=[application/json]}
             Body = null
    Session Attrs = {}

Handler:
             Type = com.dziennik.rest.MainController
           Method = public java.lang.String com.dziennik.rest.MainController.addStudent(java.lang.String,java.lang.String,java.lang.String)

Async:
    Async started = false
     Async result = null

Resolved Exception:
             Type = org.springframework.web.bind.MissingServletRequestParameterException

ModelAndView:
        View name = null
             View = null
            Model = null

FlashMap:
       Attributes = null

MockHttpServletResponse:
           Status = 400
    Error message = Required String parameter 'email' is not present
          Headers = {}
     Content type = null
             Body = 
    Forwarded URL = null
   Redirected URL = null
          Cookies = []

MockHttpServletRequest:
      HTTP Method = POST
      Request URI = /student/add
       Parameters = {login=[adle], email=[abc@abc.com], passwd=[test]}
          Headers = {Accept=[application/json]}
             Body = null
    Session Attrs = {}

Handler:
             Type = com.dziennik.rest.MainController
           Method = public java.lang.String com.dziennik.rest.MainController.addStudent(java.lang.String,java.lang.String,java.lang.String)

Async:
    Async started = false
     Async result = null

Resolved Exception:
             Type = null

ModelAndView:
        View name = s_added
             View = null
            Model = null

FlashMap:
       Attributes = null

MockHttpServletResponse:
           Status = 200
    Error message = null
          Headers = {Content-Language=[en], Content-Type=[text/html;charset=UTF-8]}
     Content type = text/html;charset=UTF-8
             Body = <!DOCTYPE html SYSTEM "http://www.thymeleaf.org/dtd/xhtml1-strict-thymeleaf-spring4-4.dtd">

<html xmlns="http://www.w3.org/1999/xhtml">
<head>
    <title>Add Form</title>
</head>
<body>
     Dziękujemy za dodanie studenta
</body>
</html>

    Forwarded URL = null
   Redirected URL = null
          Cookies = []

MockHttpServletRequest:
      HTTP Method = POST
      Request URI = /student/add
       Parameters = {login=[adle], email=[abc@abc.com], passwd=[test]}
          Headers = {Accept=[application/json]}
             Body = null
    Session Attrs = {}

Handler:
             Type = com.dziennik.rest.MainController
           Method = public java.lang.String com.dziennik.rest.MainController.addStudent(java.lang.String,java.lang.String,java.lang.String)

Async:
    Async started = false
     Async result = null

Resolved Exception:
             Type = null

ModelAndView:
        View name = s_added
             View = null
            Model = null

FlashMap:
       Attributes = null

MockHttpServletResponse:
           Status = 200
    Error message = null
          Headers = {Content-Language=[en], Content-Type=[text/html;charset=UTF-8]}
     Content type = text/html;charset=UTF-8
             Body = <!DOCTYPE html SYSTEM "http://www.thymeleaf.org/dtd/xhtml1-strict-thymeleaf-spring4-4.dtd">

<html xmlns="http://www.w3.org/1999/xhtml">
<head>
    <title>Add Form</title>
</head>
<body>
     Dziękujemy za dodanie studenta
</body>
</html>

    Forwarded URL = null
   Redirected URL = null
          Cookies = []

MockHttpServletRequest:
      HTTP Method = POST
      Request URI = /student/add
       Parameters = {login=[adle], email=[abc@abc.com], passwd=[test]}
          Headers = {Accept=[application/json]}
             Body = null
    Session Attrs = {}

Handler:
             Type = com.dziennik.rest.MainController
           Method = public java.lang.String com.dziennik.rest.MainController.addStudent(java.lang.String,java.lang.String,java.lang.String)

Async:
    Async started = false
     Async result = null

Resolved Exception:
             Type = null

ModelAndView:
        View name = s_added
             View = null
            Model = null

FlashMap:
       Attributes = null

MockHttpServletResponse:
           Status = 200
    Error message = null
          Headers = {Content-Language=[en], Content-Type=[text/html;charset=UTF-8]}
     Content type = text/html;charset=UTF-8
             Body = <!DOCTYPE html SYSTEM "http://www.thymeleaf.org/dtd/xhtml1-strict-thymeleaf-spring4-4.dtd">

<html xmlns="http://www.w3.org/1999/xhtml">
<head>
    <title>Add Form</title>
</head>
<body>
     Dziękujemy za dodanie studenta
</body>
</html>

    Forwarded URL = null
   Redirected URL = null
          Cookies = []

MockHttpServletRequest:
      HTTP Method = POST
      Request URI = /class/add
       Parameters = {name=[ugTest]}
          Headers = {Accept=[application/json]}
             Body = null
    Session Attrs = {}

Handler:
             Type = com.dziennik.rest.MainController
           Method = public java.lang.String com.dziennik.rest.MainController.addClass(java.lang.String)

Async:
    Async started = false
     Async result = null

Resolved Exception:
             Type = null

ModelAndView:
        View name = cl_added
             View = null
            Model = null

FlashMap:
       Attributes = null

MockHttpServletResponse:
           Status = 200
    Error message = null
          Headers = {Content-Language=[en], Content-Type=[text/html;charset=UTF-8]}
     Content type = text/html;charset=UTF-8
             Body = <!DOCTYPE html SYSTEM "http://www.thymeleaf.org/dtd/xhtml1-strict-thymeleaf-spring4-4.dtd">

<html xmlns="http://www.w3.org/1999/xhtml">
<head>
    <title>Add Form</title>
</head>
<body>
     Dziękujemy za klasy
</body>
</html>

    Forwarded URL = null
   Redirected URL = null
          Cookies = []
]]></system-out>
  </testcase>
  <testcase name="addUserToUserGroup" classname="com.dziennik.rest.MainControllerTest" time="0.25">
    <error message="Request processing failed; nested exception is org.thymeleaf.exceptions.TemplateInputException: Error resolving template &quot;student/all&quot;, template might not exist or might not be accessible by any of the configured Template Resolvers" type="org.springframework.web.util.NestedServletException">org.springframework.web.util.NestedServletException: Request processing failed; nested exception is org.thymeleaf.exceptions.TemplateInputException: Error resolving template "student/all", template might not exist or might not be accessible by any of the configured Template Resolvers
	at com.dziennik.rest.MainControllerTest.tearDown(MainControllerTest.java:44)
Caused by: org.thymeleaf.exceptions.TemplateInputException: Error resolving template "student/all", template might not exist or might not be accessible by any of the configured Template Resolvers
	at com.dziennik.rest.MainControllerTest.tearDown(MainControllerTest.java:44)
</error>
  </testcase>
</testsuite>